SF:/Users/adrian/Documents/ITU/6_Semester/BachelorProjekt/NourishNexus/server/Program.cs
FN:5,System.Void Program::<Main>$(System.String[])
FNDA:0,System.Void Program::<Main>$(System.String[])
DA:6,0
DA:10,0
DA:12,0
DA:13,0
DA:15,0
DA:16,0
DA:17,0
DA:19,0
DA:20,0
DA:21,0
DA:22,0
DA:23,0
DA:24,0
DA:25,0
DA:26,0
DA:27,0
DA:29,0
DA:30,0
DA:31,0
DA:32,0
DA:33,0
DA:34,0
DA:35,0
DA:36,0
DA:37,0
DA:38,0
DA:41,0
DA:43,0
DA:44,0
DA:49,0
DA:50,0
DA:51,0
DA:52,0
DA:53,0
DA:54,0
DA:57,0
DA:59,0
DA:61,0
LF:38
LH:0
BRF:0
BRH:0
FNF:1
FNH:0
end_of_record
SF:/Users/adrian/Documents/ITU/6_Semester/BachelorProjekt/NourishNexus/server/Services/FoodItemSeeding.cs
FN:20,System.Void server.Services.FoodItemSeeding::Clear()
FNDA:0,System.Void server.Services.FoodItemSeeding::Clear()
DA:21,0
DA:22,0
DA:23,0
DA:24,0
DA:25,0
DA:26,0
DA:27,0
DA:28,0
DA:29,0
DA:30,0
DA:31,0
DA:32,0
BRDA:30,259,0,0
BRDA:30,259,1,0
FN:753,System.Void server.Services.FoodItemSeeding::SeedRecipes()
FNDA:0,System.Void server.Services.FoodItemSeeding::SeedRecipes()
DA:754,0
DA:755,0
DA:756,0
DA:757,0
DA:758,0
DA:759,0
DA:760,0
DA:761,0
DA:762,0
DA:763,0
DA:764,0
DA:765,0
FN:768,System.Void server.Services.FoodItemSeeding::InitializeFoodItems()
FNDA:0,System.Void server.Services.FoodItemSeeding::InitializeFoodItems()
DA:769,0
DA:770,0
DA:771,0
DA:772,0
DA:773,0
DA:774,0
DA:775,0
DA:776,0
DA:777,0
DA:778,0
DA:779,0
DA:780,0
DA:781,0
DA:782,0
DA:783,0
DA:784,0
DA:785,0
DA:786,0
DA:787,0
DA:788,0
DA:789,0
DA:790,0
DA:791,0
DA:792,0
DA:793,0
DA:794,0
DA:795,0
DA:796,0
DA:797,0
DA:798,0
DA:799,0
DA:800,0
DA:801,0
DA:802,0
DA:803,0
DA:804,0
DA:805,0
DA:806,0
DA:807,0
DA:808,0
DA:809,0
DA:810,0
DA:811,0
DA:812,0
DA:813,0
DA:814,0
DA:815,0
DA:816,0
DA:817,0
DA:818,0
DA:819,0
DA:820,0
DA:821,0
DA:822,0
DA:823,0
DA:824,0
DA:825,0
DA:826,0
DA:827,0
DA:828,0
DA:829,0
DA:830,0
DA:831,0
DA:832,0
DA:833,0
DA:834,0
DA:835,0
DA:836,0
DA:837,0
DA:838,0
DA:839,0
DA:840,0
DA:841,0
DA:842,0
DA:843,0
DA:844,0
DA:845,0
DA:846,0
DA:847,0
DA:848,0
DA:849,0
DA:850,0
DA:851,0
DA:852,0
DA:853,0
DA:854,0
DA:855,0
DA:856,0
DA:857,0
DA:858,0
DA:859,0
DA:860,0
DA:861,0
DA:862,0
DA:863,0
DA:864,0
DA:865,0
DA:866,0
DA:867,0
DA:868,0
DA:869,0
DA:870,0
DA:871,0
DA:872,0
DA:873,0
DA:874,0
DA:875,0
DA:876,0
DA:877,0
DA:878,0
DA:879,0
DA:880,0
DA:881,0
DA:882,0
DA:883,0
DA:884,0
DA:885,0
DA:886,0
DA:887,0
DA:888,0
DA:889,0
DA:890,0
DA:891,0
DA:892,0
DA:893,0
DA:894,0
DA:895,0
DA:896,0
DA:897,0
DA:898,0
DA:899,0
DA:900,0
DA:901,0
DA:902,0
DA:903,0
DA:904,0
DA:905,0
DA:906,0
DA:907,0
DA:908,0
DA:909,0
DA:910,0
DA:911,0
DA:912,0
DA:913,0
DA:914,0
DA:915,0
DA:916,0
DA:917,0
DA:918,0
DA:919,0
DA:920,0
DA:921,0
DA:922,0
DA:923,0
DA:924,0
DA:925,0
DA:926,0
DA:927,0
DA:928,0
DA:929,0
DA:930,0
DA:931,0
DA:932,0
DA:933,0
DA:934,0
DA:935,0
DA:936,0
DA:937,0
DA:938,0
DA:939,0
DA:940,0
DA:941,0
DA:942,0
DA:943,0
DA:944,0
DA:945,0
DA:946,0
DA:947,0
DA:948,0
DA:949,0
DA:950,0
DA:951,0
DA:952,0
DA:953,0
DA:954,0
DA:955,0
DA:956,0
DA:957,0
DA:958,0
DA:959,0
DA:960,0
DA:961,0
DA:962,0
DA:963,0
DA:964,0
DA:965,0
DA:966,0
DA:967,0
DA:968,0
DA:969,0
DA:970,0
DA:971,0
DA:972,0
DA:973,0
DA:974,0
DA:975,0
DA:976,0
DA:977,0
DA:978,0
DA:979,0
DA:980,0
DA:981,0
DA:982,0
DA:983,0
DA:984,0
DA:985,0
DA:986,0
DA:987,0
DA:988,0
DA:989,0
DA:990,0
DA:991,0
DA:992,0
DA:993,0
DA:994,0
DA:995,0
DA:996,0
DA:997,0
DA:999,0
FN:1000,System.Void server.Services.FoodItemSeeding::InitializeRecipes()
FNDA:0,System.Void server.Services.FoodItemSeeding::InitializeRecipes()
DA:1001,0
DA:1002,0
DA:1003,0
DA:1004,0
DA:1005,0
DA:1006,0
DA:1007,0
DA:1008,0
DA:1009,0
DA:1010,0
DA:1011,0
DA:1012,0
DA:1013,0
DA:1014,0
DA:1015,0
DA:1016,0
DA:1017,0
DA:1018,0
DA:1019,0
DA:1022,0
DA:1023,0
DA:1024,0
DA:1025,0
DA:1026,0
DA:1027,0
DA:1028,0
DA:1029,0
DA:1030,0
DA:1031,0
DA:1032,0
DA:1033,0
DA:1034,0
DA:1035,0
DA:1038,0
DA:1039,0
DA:1040,0
DA:1041,0
DA:1042,0
DA:1043,0
DA:1044,0
DA:1045,0
DA:1046,0
DA:1047,0
DA:1048,0
DA:1049,0
DA:1050,0
DA:1051,0
DA:1052,0
DA:1053,0
DA:1054,0
DA:1055,0
DA:1056,0
DA:1057,0
DA:1058,0
DA:1060,0
DA:1061,0
DA:1062,0
DA:1063,0
DA:1064,0
DA:1065,0
DA:1066,0
DA:1067,0
DA:1068,0
DA:1069,0
DA:1070,0
DA:1071,0
DA:1072,0
DA:1073,0
DA:1074,0
DA:1075,0
DA:1076,0
DA:1077,0
DA:1078,0
DA:1079,0
DA:1080,0
DA:1081,0
DA:1082,0
DA:1083,0
DA:1084,0
DA:1085,0
DA:1086,0
DA:1087,0
DA:1088,0
DA:1089,0
DA:1090,0
DA:1091,0
DA:1092,0
DA:1093,0
DA:1094,0
DA:1095,0
DA:1096,0
DA:1097,0
DA:1098,0
DA:1099,0
DA:1100,0
DA:1101,0
DA:1102,0
DA:1103,0
DA:1104,0
DA:1105,0
DA:1106,0
DA:1107,0
DA:1108,0
DA:1109,0
DA:1110,0
DA:1111,0
DA:1112,0
DA:1113,0
DA:1114,0
DA:1115,0
DA:1116,0
DA:1117,0
DA:1118,0
DA:1119,0
DA:1120,0
DA:1121,0
DA:1122,0
DA:1123,0
DA:1124,0
DA:1125,0
DA:1126,0
DA:1127,0
DA:1128,0
DA:1129,0
DA:1130,0
DA:1131,0
DA:1132,0
DA:1133,0
DA:1134,0
DA:1135,0
DA:1136,0
DA:1137,0
DA:1138,0
DA:1139,0
DA:1140,0
DA:1141,0
DA:1142,0
DA:1143,0
DA:1144,0
DA:1145,0
DA:1147,0
DA:1148,0
DA:1149,0
FN:1151,System.Void server.Services.FoodItemSeeding::AddFoodItemsToRecipes()
FNDA:0,System.Void server.Services.FoodItemSeeding::AddFoodItemsToRecipes()
DA:1152,0
DA:1153,0
DA:1154,0
DA:1155,0
DA:1156,0
DA:1157,0
DA:1158,0
DA:1159,0
DA:1160,0
DA:1161,0
DA:1162,0
DA:1163,0
DA:1164,0
DA:1165,0
DA:1166,0
DA:1167,0
DA:1168,0
DA:1169,0
DA:1170,0
DA:1171,0
DA:1172,0
DA:1173,0
DA:1174,0
DA:1175,0
DA:1176,0
DA:1177,0
DA:1178,0
DA:1179,0
DA:1180,0
DA:1181,0
DA:1182,0
DA:1183,0
DA:1184,0
DA:1185,0
DA:1186,0
DA:1187,0
DA:1188,0
DA:1189,0
DA:1190,0
DA:1191,0
DA:1192,0
DA:1193,0
DA:1194,0
DA:1195,0
DA:1196,0
DA:1197,0
DA:1198,0
DA:1199,0
DA:1200,0
DA:1201,0
DA:1202,0
DA:1203,0
DA:1204,0
DA:1205,0
DA:1206,0
DA:1207,0
DA:1208,0
DA:1209,0
DA:1210,0
DA:1211,0
DA:1212,0
DA:1213,0
DA:1214,0
DA:1215,0
DA:1216,0
DA:1217,0
DA:1218,0
DA:1219,0
DA:1220,0
DA:1221,0
DA:1222,0
DA:1223,0
DA:1224,0
DA:1225,0
DA:1226,0
DA:1227,0
DA:1228,0
DA:1229,0
DA:1230,0
DA:1231,0
DA:1232,0
DA:1233,0
DA:1234,0
DA:1235,0
DA:1236,0
DA:1237,0
DA:1238,0
DA:1239,0
DA:1240,0
DA:1241,0
DA:1242,0
DA:1243,0
DA:1244,0
DA:1245,0
DA:1246,0
DA:1247,0
DA:1248,0
DA:1249,0
DA:1250,0
DA:1251,0
DA:1252,0
DA:1253,0
DA:1254,0
DA:1255,0
DA:1256,0
DA:1257,0
DA:1258,0
DA:1259,0
DA:1260,0
DA:1261,0
DA:1262,0
DA:1263,0
DA:1264,0
DA:1265,0
DA:1266,0
DA:1267,0
DA:1268,0
DA:1269,0
DA:1270,0
DA:1271,0
DA:1272,0
DA:1273,0
DA:1274,0
DA:1275,0
DA:1276,0
DA:1277,0
DA:1278,0
DA:1279,0
DA:1280,0
DA:1281,0
DA:1282,0
DA:1283,0
DA:1284,0
DA:1285,0
DA:1286,0
DA:1287,0
DA:1288,0
DA:1289,0
DA:1290,0
DA:1291,0
DA:1292,0
DA:1293,0
DA:1294,0
DA:1295,0
DA:1296,0
DA:1297,0
DA:1298,0
DA:1299,0
DA:1300,0
DA:1301,0
DA:1302,0
DA:1303,0
DA:1304,0
DA:1305,0
DA:1306,0
DA:1307,0
DA:1308,0
DA:1309,0
DA:1310,0
DA:1311,0
DA:1312,0
DA:1313,0
DA:1314,0
DA:1315,0
DA:1316,0
DA:1317,0
DA:1318,0
DA:1319,0
DA:1320,0
DA:1321,0
DA:1322,0
DA:1323,0
DA:1324,0
DA:1325,0
DA:1326,0
DA:1327,0
DA:1328,0
DA:1329,0
DA:1330,0
DA:1331,0
DA:1332,0
DA:1333,0
DA:1334,0
DA:1335,0
DA:1336,0
DA:1337,0
DA:1338,0
DA:1339,0
DA:1340,0
DA:1341,0
DA:1342,0
DA:1343,0
DA:1344,0
DA:1345,0
DA:1346,0
DA:1347,0
DA:1348,0
DA:1349,0
DA:1350,0
DA:1351,0
DA:1352,0
DA:1353,0
DA:1354,0
DA:1355,0
DA:1356,0
DA:1357,0
DA:1358,0
DA:1359,0
DA:1360,0
DA:1361,0
DA:1362,0
DA:1363,0
DA:1364,0
DA:1365,0
DA:1366,0
DA:1367,0
DA:1368,0
DA:1369,0
DA:1370,0
DA:1371,0
DA:1372,0
DA:1373,0
DA:1374,0
DA:1375,0
DA:1376,0
DA:1377,0
DA:1378,0
DA:1379,0
DA:1380,0
DA:1381,0
DA:1382,0
DA:1383,0
DA:1384,0
DA:1385,0
DA:1386,0
DA:1387,0
DA:1388,0
DA:1389,0
DA:1390,0
DA:1391,0
DA:1392,0
DA:1393,0
DA:1394,0
DA:1395,0
DA:1396,0
DA:1397,0
DA:1398,0
DA:1399,0
DA:1400,0
DA:1401,0
DA:1402,0
DA:1403,0
DA:1404,0
DA:1405,0
DA:1406,0
DA:1407,0
DA:1408,0
DA:1409,0
DA:1410,0
DA:1411,0
DA:1412,0
DA:1413,0
DA:1414,0
DA:1415,0
DA:1416,0
DA:1417,0
DA:1418,0
DA:1419,0
DA:1420,0
DA:1421,0
DA:1422,0
DA:1423,0
DA:1424,0
DA:1425,0
DA:1426,0
DA:1427,0
DA:1428,0
DA:1429,0
DA:1430,0
DA:1431,0
DA:1432,0
DA:1433,0
DA:1434,0
DA:1435,0
DA:1436,0
DA:1437,0
DA:1438,0
DA:1439,0
DA:1440,0
DA:1441,0
DA:1442,0
DA:1443,0
DA:1444,0
DA:1445,0
DA:1446,0
DA:1447,0
DA:1448,0
DA:1449,0
DA:1450,0
DA:1451,0
DA:1452,0
DA:1453,0
DA:1454,0
DA:1455,0
DA:1456,0
DA:1457,0
DA:1458,0
DA:1459,0
DA:1460,0
DA:1461,0
DA:1462,0
DA:1463,0
DA:1464,0
DA:1465,0
DA:1466,0
DA:1467,0
DA:1468,0
DA:1469,0
DA:1470,0
DA:1471,0
DA:1472,0
DA:1473,0
DA:1474,0
DA:1475,0
DA:1476,0
DA:1477,0
DA:1478,0
DA:1479,0
DA:1480,0
DA:1481,0
DA:1482,0
DA:1483,0
DA:1484,0
DA:1485,0
DA:1486,0
DA:1487,0
DA:1488,0
DA:1489,0
DA:1490,0
DA:1491,0
DA:1492,0
DA:1493,0
DA:1494,0
DA:1495,0
DA:1496,0
DA:1497,0
DA:1498,0
DA:1499,0
DA:1500,0
DA:1501,0
DA:1502,0
DA:1503,0
DA:1504,0
DA:1505,0
DA:1506,0
DA:1507,0
DA:1508,0
DA:1509,0
DA:1510,0
DA:1511,0
DA:1512,0
DA:1513,0
DA:1514,0
DA:1515,0
DA:1516,0
DA:1517,0
DA:1518,0
DA:1519,0
DA:1520,0
DA:1521,0
DA:1522,0
DA:1523,0
DA:1524,0
DA:1525,0
DA:1526,0
DA:1527,0
DA:1528,0
DA:1529,0
DA:1530,0
DA:1531,0
DA:1532,0
DA:1533,0
DA:1534,0
DA:1535,0
DA:1536,0
DA:1537,0
DA:1538,0
DA:1539,0
DA:1540,0
DA:1541,0
DA:1542,0
DA:1543,0
DA:1544,0
DA:1545,0
DA:1546,0
DA:1547,0
DA:1548,0
DA:1549,0
DA:1550,0
DA:1551,0
DA:1552,0
DA:1553,0
DA:1554,0
DA:1555,0
DA:1556,0
DA:1557,0
DA:1558,0
DA:1559,0
DA:1560,0
DA:1561,0
DA:1562,0
DA:1563,0
DA:1564,0
DA:1565,0
DA:1566,0
DA:1567,0
DA:1568,0
DA:1569,0
DA:1570,0
DA:1571,0
DA:1572,0
DA:1573,0
DA:1574,0
DA:1575,0
DA:1576,0
DA:1577,0
DA:1578,0
DA:1579,0
DA:1580,0
DA:1581,0
DA:1582,0
DA:1583,0
DA:1584,0
DA:1585,0
DA:1586,0
DA:1587,0
DA:1588,0
DA:1589,0
DA:1590,0
DA:1591,0
DA:1592,0
DA:1593,0
DA:1594,0
DA:1595,0
DA:1596,0
DA:1597,0
DA:1598,0
DA:1599,0
DA:1600,0
DA:1601,0
DA:1602,0
DA:1603,0
DA:1604,0
DA:1605,0
DA:1606,0
DA:1607,0
DA:1608,0
DA:1609,0
DA:1610,0
DA:1611,0
DA:1612,0
DA:1613,0
DA:1614,0
DA:1615,0
DA:1616,0
DA:1617,0
DA:1618,0
DA:1619,0
DA:1620,0
DA:1621,0
DA:1622,0
DA:1623,0
DA:1624,0
DA:1625,0
DA:1626,0
DA:1627,0
DA:1628,0
DA:1629,0
DA:1630,0
DA:1631,0
DA:1632,0
DA:1633,0
DA:1634,0
DA:1635,0
DA:1636,0
DA:1637,0
DA:1638,0
DA:1639,0
DA:1640,0
DA:1641,0
DA:1642,0
DA:1643,0
DA:1644,0
DA:1645,0
DA:1646,0
DA:1647,0
DA:1648,0
DA:1649,0
DA:1650,0
DA:1651,0
DA:1652,0
DA:1653,0
DA:1654,0
DA:1655,0
DA:1656,0
DA:1657,0
DA:1658,0
DA:1659,0
DA:1660,0
DA:1661,0
DA:1662,0
DA:1663,0
DA:1664,0
DA:1665,0
DA:1666,0
DA:1667,0
DA:1668,0
DA:1669,0
DA:1670,0
DA:1671,0
DA:1672,0
DA:1673,0
DA:1674,0
DA:1675,0
DA:1676,0
DA:1677,0
DA:1678,0
DA:1679,0
DA:1680,0
DA:1681,0
DA:1682,0
DA:1683,0
DA:1684,0
DA:1685,0
DA:1686,0
DA:1687,0
DA:1688,0
DA:1689,0
DA:1690,0
DA:1691,0
DA:1692,0
DA:1693,0
DA:1694,0
DA:1695,0
DA:1696,0
DA:1697,0
DA:1698,0
DA:1699,0
DA:1700,0
DA:1701,0
DA:1702,0
DA:1703,0
DA:1704,0
DA:1705,0
DA:1706,0
DA:1707,0
DA:1708,0
DA:1709,0
DA:1710,0
DA:1711,0
DA:1712,0
DA:1713,0
DA:1714,0
DA:1715,0
DA:1716,0
DA:1717,0
DA:1718,0
DA:1719,0
DA:1720,0
DA:1721,0
DA:1722,0
DA:1723,0
DA:1724,0
DA:1725,0
DA:1726,0
DA:1727,0
DA:1728,0
DA:1729,0
DA:1730,0
DA:1731,0
DA:1732,0
DA:1733,0
DA:1734,0
DA:1735,0
DA:1736,0
DA:1737,0
DA:1738,0
DA:1739,0
DA:1740,0
DA:1741,0
DA:1742,0
DA:1743,0
DA:1744,0
DA:1745,0
DA:1746,0
DA:1747,0
DA:1748,0
DA:1749,0
DA:1750,0
DA:1751,0
DA:1752,0
DA:1753,0
DA:1754,0
DA:1755,0
DA:1756,0
DA:1757,0
DA:1758,0
DA:1759,0
DA:1760,0
DA:1761,0
DA:1762,0
DA:1763,0
DA:1764,0
DA:1765,0
DA:1766,0
DA:1767,0
DA:1768,0
DA:1769,0
DA:1770,0
FN:13,System.Void server.Services.FoodItemSeeding::.ctor(server.Infrastructure.NourishNexusContext,server.Core.EF.RepositoryInterfaces.IFoodItemRepository)
FNDA:0,System.Void server.Services.FoodItemSeeding::.ctor(server.Infrastructure.NourishNexusContext,server.Core.EF.RepositoryInterfaces.IFoodItemRepository)
DA:14,0
DA:15,0
DA:16,0
DA:17,0
DA:18,0
DA:100,0
DA:101,0
DA:102,0
FN:33,System.Void server.Services.FoodItemSeeding/<Seed>d__4::MoveNext()
FNDA:0,System.Void server.Services.FoodItemSeeding/<Seed>d__4::MoveNext()
DA:34,0
DA:35,0
DA:36,0
DA:37,0
DA:38,0
DA:39,0
DA:40,0
DA:41,0
DA:42,0
DA:44,0
DA:45,0
DA:46,0
DA:47,0
DA:49,0
DA:50,0
DA:51,0
DA:52,0
DA:53,0
DA:54,0
DA:55,0
DA:56,0
DA:57,0
DA:58,0
DA:59,0
DA:60,0
DA:61,0
DA:62,0
DA:63,0
DA:64,0
DA:65,0
DA:66,0
DA:67,0
DA:68,0
DA:69,0
DA:70,0
DA:71,0
DA:72,0
DA:73,0
DA:74,0
DA:75,0
DA:76,0
DA:77,0
DA:78,0
DA:79,0
DA:80,0
DA:81,0
DA:82,0
DA:83,0
DA:84,0
DA:85,0
DA:87,0
DA:88,0
DA:89,0
DA:90,0
DA:91,0
DA:93,0
BRDA:44,1890,1,0
BRDA:49,202,0,0
BRDA:49,202,1,0
BRDA:49,254,0,0
BRDA:49,254,1,0
BRDA:49,307,0,0
BRDA:49,307,1,0
BRDA:49,361,0,0
BRDA:49,361,1,0
BRDA:49,415,0,0
BRDA:49,415,1,0
BRDA:49,472,0,0
BRDA:49,472,1,0
BRDA:49,532,0,0
BRDA:49,532,1,0
BRDA:49,592,0,0
BRDA:49,592,1,0
BRDA:49,652,0,0
BRDA:49,652,1,0
BRDA:49,712,0,0
BRDA:49,712,1,0
BRDA:49,769,0,0
BRDA:49,769,1,0
BRDA:49,823,0,0
BRDA:49,823,1,0
BRDA:49,877,0,0
BRDA:49,877,1,0
BRDA:49,931,0,0
BRDA:49,931,1,0
BRDA:49,985,0,0
BRDA:49,985,1,0
BRDA:49,1039,0,0
BRDA:49,1039,1,0
BRDA:49,1093,0,0
BRDA:49,1093,1,0
BRDA:49,1147,0,0
BRDA:49,1147,1,0
BRDA:49,1201,0,0
BRDA:49,1201,1,0
BRDA:49,1255,0,0
BRDA:49,1255,1,0
BRDA:49,1309,0,0
BRDA:49,1309,1,0
BRDA:49,1363,0,0
BRDA:49,1363,1,0
BRDA:49,1417,0,0
BRDA:49,1417,1,0
BRDA:49,1471,0,0
BRDA:49,1471,1,0
BRDA:49,1525,0,0
BRDA:49,1525,1,0
BRDA:49,1579,0,0
BRDA:49,1579,1,0
BRDA:49,1633,0,0
BRDA:49,1633,1,0
BRDA:49,1687,0,0
BRDA:49,1687,1,0
BRDA:49,1741,0,0
BRDA:49,1741,1,0
BRDA:49,1795,0,0
BRDA:49,1795,1,0
BRDA:44,1890,0,0
BRDA:87,2093,1,0
BRDA:87,2093,0,0
LF:1080
LH:0
BRF:66
BRH:0
FNF:7
FNH:0
end_of_record
SF:/Users/adrian/Documents/ITU/6_Semester/BachelorProjekt/NourishNexus/server/Services/MealService.cs
FN:128,System.Void server.Services.MealService::AddToMealTotal(server.Services.MealNutrientInfo,server.Core.EF.DTO.FoodItemAmountDTO)
FNDA:5,System.Void server.Services.MealService::AddToMealTotal(server.Services.MealNutrientInfo,server.Core.EF.DTO.FoodItemAmountDTO)
DA:129,5
DA:130,5
DA:131,5
DA:132,5
DA:133,5
DA:134,5
DA:135,5
DA:136,5
DA:137,5
DA:138,5
DA:139,5
DA:140,5
DA:141,5
DA:142,5
DA:143,5
DA:144,5
DA:145,5
DA:146,5
DA:147,5
DA:148,5
DA:149,5
DA:150,5
DA:151,5
DA:152,5
DA:153,5
DA:154,5
DA:155,5
DA:156,5
DA:157,5
DA:158,5
DA:159,5
DA:160,5
DA:161,5
BRDA:130,15,1,5
BRDA:130,15,0,5
FN:15,System.Void server.Services.MealService::.ctor(server.Core.EF.RepositoryInterfaces.IMealRepository,server.Core.EF.RepositoryInterfaces.IFoodItemRepository,server.Core.EF.RepositoryInterfaces.IRecipeRepository)
FNDA:11,System.Void server.Services.MealService::.ctor(server.Core.EF.RepositoryInterfaces.IMealRepository,server.Core.EF.RepositoryInterfaces.IFoodItemRepository,server.Core.EF.RepositoryInterfaces.IRecipeRepository)
DA:16,11
DA:17,11
DA:18,11
DA:19,11
DA:20,11
DA:21,11
FN:95,System.Void server.Services.MealService/<GetMealsByUserAndDate>d__5::MoveNext()
FNDA:1,System.Void server.Services.MealService/<GetMealsByUserAndDate>d__5::MoveNext()
DA:96,1
DA:97,1
DA:99,1
DA:102,7
DA:103,2
DA:104,2
DA:106,8
DA:107,1
DA:108,1
DA:109,1
DA:111,12
DA:112,3
DA:113,17
DA:114,4
DA:115,4
DA:116,4
DA:117,4
DA:118,3
DA:120,2
DA:121,2
DA:123,1
DA:124,1
BRDA:96,16,0,1
BRDA:96,16,1,1
BRDA:102,1094,1,2
BRDA:102,203,1,0
BRDA:106,490,1,1
BRDA:106,490,0,2
BRDA:102,203,2,0
BRDA:102,203,3,2
BRDA:111,1011,1,3
BRDA:113,956,1,4
BRDA:113,956,0,3
BRDA:111,1011,0,2
BRDA:102,203,0,3
BRDA:102,1094,0,1
FN:23,System.Void server.Services.MealService/<ReportMeal>d__4::MoveNext()
FNDA:5,System.Void server.Services.MealService/<ReportMeal>d__4::MoveNext()
DA:24,5
DA:25,5
DA:26,1
DA:29,4
DA:30,4
DA:31,4
DA:32,4
DA:33,4
DA:35,4
DA:36,2
DA:37,2
DA:38,1
DA:39,1
DA:43,1
DA:45,1
DA:46,2
DA:47,0
DA:51,2
DA:52,2
DA:53,1
DA:55,1
DA:56,1
DA:57,1
DA:58,1
DA:59,1
DA:60,1
DA:61,1
DA:62,1
DA:63,1
DA:65,1
DA:66,1
DA:67,1
DA:68,1
DA:69,1
DA:70,1
DA:71,1
DA:72,2
DA:73,0
DA:76,1
DA:78,1
DA:79,1
DA:80,1
DA:81,1
DA:82,1
DA:83,1
DA:84,1
DA:85,1
DA:86,1
DA:87,1
DA:88,1
DA:89,2
DA:90,0
DA:93,5
BRDA:25,80,0,4
BRDA:25,102,0,4
BRDA:25,80,1,1
BRDA:25,102,1,1
BRDA:25,132,0,1
BRDA:25,132,1,4
BRDA:35,355,0,0
BRDA:35,355,1,4
BRDA:35,368,0,2
BRDA:35,382,0,0
BRDA:35,382,1,2
BRDA:35,368,1,2
BRDA:35,405,0,2
BRDA:37,426,0,1
BRDA:37,426,1,1
BRDA:46,597,0,1
BRDA:46,597,1,0
BRDA:35,405,1,2
BRDA:52,642,0,1
BRDA:63,935,0,0
BRDA:63,935,1,1
BRDA:72,1164,0,1
BRDA:72,1164,1,0
BRDA:52,642,1,1
BRDA:89,1512,0,1
BRDA:89,1512,1,0
FN:167,server.Core.EF.DTO.MealDTO server.Services.MealNutrientInfo::get_Meal()
FNDA:4,server.Core.EF.DTO.MealDTO server.Services.MealNutrientInfo::get_Meal()
DA:168,4
FN:168,System.Single server.Services.MealNutrientInfo::get_Calories()
FNDA:14,System.Single server.Services.MealNutrientInfo::get_Calories()
DA:169,14
FN:169,System.Single server.Services.MealNutrientInfo::get_Protein()
FNDA:14,System.Single server.Services.MealNutrientInfo::get_Protein()
DA:170,14
FN:172,System.Single server.Services.MealNutrientInfo::get_Carbohydrates()
FNDA:14,System.Single server.Services.MealNutrientInfo::get_Carbohydrates()
DA:173,14
FN:173,System.Single server.Services.MealNutrientInfo::get_Sugars()
FNDA:14,System.Single server.Services.MealNutrientInfo::get_Sugars()
DA:174,14
FN:174,System.Single server.Services.MealNutrientInfo::get_Fibres()
FNDA:14,System.Single server.Services.MealNutrientInfo::get_Fibres()
DA:175,14
FN:177,System.Single server.Services.MealNutrientInfo::get_TotalFat()
FNDA:14,System.Single server.Services.MealNutrientInfo::get_TotalFat()
DA:178,14
FN:178,System.Single server.Services.MealNutrientInfo::get_SaturatedFat()
FNDA:14,System.Single server.Services.MealNutrientInfo::get_SaturatedFat()
DA:179,14
FN:179,System.Single server.Services.MealNutrientInfo::get_MonounsaturatedFat()
FNDA:14,System.Single server.Services.MealNutrientInfo::get_MonounsaturatedFat()
DA:180,14
FN:180,System.Single server.Services.MealNutrientInfo::get_PolyunsaturatedFat()
FNDA:14,System.Single server.Services.MealNutrientInfo::get_PolyunsaturatedFat()
DA:181,14
FN:181,System.Single server.Services.MealNutrientInfo::get_TransFat()
FNDA:14,System.Single server.Services.MealNutrientInfo::get_TransFat()
DA:182,14
FN:184,System.Single server.Services.MealNutrientInfo::get_VitaminA()
FNDA:14,System.Single server.Services.MealNutrientInfo::get_VitaminA()
DA:185,14
FN:185,System.Single server.Services.MealNutrientInfo::get_VitaminB6()
FNDA:14,System.Single server.Services.MealNutrientInfo::get_VitaminB6()
DA:186,14
FN:186,System.Single server.Services.MealNutrientInfo::get_VitaminB12()
FNDA:14,System.Single server.Services.MealNutrientInfo::get_VitaminB12()
DA:187,14
FN:187,System.Single server.Services.MealNutrientInfo::get_VitaminC()
FNDA:14,System.Single server.Services.MealNutrientInfo::get_VitaminC()
DA:188,14
FN:188,System.Single server.Services.MealNutrientInfo::get_VitaminD()
FNDA:14,System.Single server.Services.MealNutrientInfo::get_VitaminD()
DA:189,14
FN:189,System.Single server.Services.MealNutrientInfo::get_VitaminE()
FNDA:14,System.Single server.Services.MealNutrientInfo::get_VitaminE()
DA:190,14
FN:190,System.Single server.Services.MealNutrientInfo::get_Thiamin()
FNDA:14,System.Single server.Services.MealNutrientInfo::get_Thiamin()
DA:191,14
FN:191,System.Single server.Services.MealNutrientInfo::get_Riboflavin()
FNDA:14,System.Single server.Services.MealNutrientInfo::get_Riboflavin()
DA:192,14
FN:192,System.Single server.Services.MealNutrientInfo::get_Niacin()
FNDA:14,System.Single server.Services.MealNutrientInfo::get_Niacin()
DA:193,14
FN:193,System.Single server.Services.MealNutrientInfo::get_Folate()
FNDA:14,System.Single server.Services.MealNutrientInfo::get_Folate()
DA:194,14
FN:196,System.Single server.Services.MealNutrientInfo::get_Salt()
FNDA:14,System.Single server.Services.MealNutrientInfo::get_Salt()
DA:197,14
FN:197,System.Single server.Services.MealNutrientInfo::get_Potassium()
FNDA:14,System.Single server.Services.MealNutrientInfo::get_Potassium()
DA:198,14
FN:198,System.Single server.Services.MealNutrientInfo::get_Magnesium()
FNDA:14,System.Single server.Services.MealNutrientInfo::get_Magnesium()
DA:199,14
FN:199,System.Single server.Services.MealNutrientInfo::get_Iron()
FNDA:14,System.Single server.Services.MealNutrientInfo::get_Iron()
DA:200,14
FN:200,System.Single server.Services.MealNutrientInfo::get_Zinc()
FNDA:14,System.Single server.Services.MealNutrientInfo::get_Zinc()
DA:201,14
FN:201,System.Single server.Services.MealNutrientInfo::get_Phosphorus()
FNDA:14,System.Single server.Services.MealNutrientInfo::get_Phosphorus()
DA:202,14
FN:202,System.Single server.Services.MealNutrientInfo::get_Copper()
FNDA:14,System.Single server.Services.MealNutrientInfo::get_Copper()
DA:203,14
FN:203,System.Single server.Services.MealNutrientInfo::get_Iodine()
FNDA:14,System.Single server.Services.MealNutrientInfo::get_Iodine()
DA:204,14
FN:204,System.Single server.Services.MealNutrientInfo::get_Selenium()
FNDA:14,System.Single server.Services.MealNutrientInfo::get_Selenium()
DA:205,14
FN:205,System.Single server.Services.MealNutrientInfo::get_Calcium()
FNDA:14,System.Single server.Services.MealNutrientInfo::get_Calcium()
DA:206,14
FN:207,System.Void server.Services.MealNutrientInfo::.ctor(server.Core.EF.DTO.MealDTO)
FNDA:2,System.Void server.Services.MealNutrientInfo::.ctor(server.Core.EF.DTO.MealDTO)
DA:208,2
DA:209,2
DA:210,2
DA:211,2
LF:149
LH:146
BRF:42
BRH:34
FNF:36
FNH:36
end_of_record
SF:/Users/adrian/Documents/ITU/6_Semester/BachelorProjekt/NourishNexus/server/Services/MealPlanAlgorithm/DietReport.cs
FN:4,server.Services.MealPlan.NutrientTargets server.Services.MealPlan.DietReport::get_LB()
FNDA:6,server.Services.MealPlan.NutrientTargets server.Services.MealPlan.DietReport::get_LB()
DA:5,6
FN:5,server.Services.MealPlan.NutrientTargets server.Services.MealPlan.DietReport::get_II()
FNDA:6,server.Services.MealPlan.NutrientTargets server.Services.MealPlan.DietReport::get_II()
DA:6,6
FN:6,server.Services.MealPlan.NutrientTargets server.Services.MealPlan.DietReport::get_UB()
FNDA:6,server.Services.MealPlan.NutrientTargets server.Services.MealPlan.DietReport::get_UB()
DA:7,6
FN:7,server.Services.MealPlan.NutrientTargets server.Services.MealPlan.DietReport::get_PlannedIntake()
FNDA:6,server.Services.MealPlan.NutrientTargets server.Services.MealPlan.DietReport::get_PlannedIntake()
DA:8,6
FN:8,server.Core.EF.DTO.MealPlanResponse server.Services.MealPlan.DietReport::get_Response()
FNDA:18,server.Core.EF.DTO.MealPlanResponse server.Services.MealPlan.DietReport::get_Response()
DA:9,18
FN:9,server.Services.MealPlan.MealPlan server.Services.MealPlan.DietReport::get_MealPlan()
FNDA:8,server.Services.MealPlan.MealPlan server.Services.MealPlan.DietReport::get_MealPlan()
DA:10,8
FN:2,System.Void server.Services.MealPlan.DietReport::.ctor(server.Services.MealPlan.NutrientTargets,server.Services.MealPlan.NutrientTargets,server.Services.MealPlan.NutrientTargets,server.Services.MealPlan.NutrientTargets,server.Core.EF.DTO.MealPlanResponse,server.Services.MealPlan.MealPlan)
FNDA:6,System.Void server.Services.MealPlan.DietReport::.ctor(server.Services.MealPlan.NutrientTargets,server.Services.MealPlan.NutrientTargets,server.Services.MealPlan.NutrientTargets,server.Services.MealPlan.NutrientTargets,server.Core.EF.DTO.MealPlanResponse,server.Services.MealPlan.MealPlan)
DA:3,6
DA:4,6
DA:11,6
LF:9
LH:9
BRF:0
BRH:0
FNF:7
FNH:7
end_of_record
SF:/Users/adrian/Documents/ITU/6_Semester/BachelorProjekt/NourishNexus/server/Services/MealPlanAlgorithm/IntakeTargetCalculator.cs
FN:4,server.Services.MealPlan.NutrientTargets server.Services.MealPlan.TargetsResult::get_LowerBound()
FNDA:10,server.Services.MealPlan.NutrientTargets server.Services.MealPlan.TargetsResult::get_LowerBound()
DA:5,10
FN:5,server.Services.MealPlan.NutrientTargets server.Services.MealPlan.TargetsResult::get_IdealIntake()
FNDA:10,server.Services.MealPlan.NutrientTargets server.Services.MealPlan.TargetsResult::get_IdealIntake()
DA:6,10
FN:6,server.Services.MealPlan.NutrientTargets server.Services.MealPlan.TargetsResult::get_UpperBound()
FNDA:10,server.Services.MealPlan.NutrientTargets server.Services.MealPlan.TargetsResult::get_UpperBound()
DA:7,10
FN:7,System.Single server.Services.MealPlan.TargetsResult::get_BreakfastCalories()
FNDA:10,System.Single server.Services.MealPlan.TargetsResult::get_BreakfastCalories()
DA:8,10
FN:8,System.Single server.Services.MealPlan.TargetsResult::get_LunchCalories()
FNDA:10,System.Single server.Services.MealPlan.TargetsResult::get_LunchCalories()
DA:9,10
FN:9,System.Single server.Services.MealPlan.TargetsResult::get_DinnerCalories()
FNDA:10,System.Single server.Services.MealPlan.TargetsResult::get_DinnerCalories()
DA:10,10
FN:10,System.Single server.Services.MealPlan.TargetsResult::get_SnackCalories()
FNDA:10,System.Single server.Services.MealPlan.TargetsResult::get_SnackCalories()
DA:11,10
FN:11,System.Single server.Services.MealPlan.TargetsResult::get_TotalCalories()
FNDA:10,System.Single server.Services.MealPlan.TargetsResult::get_TotalCalories()
DA:12,10
FN:3,System.Void server.Services.MealPlan.TargetsResult::.ctor(server.Services.MealPlan.NutrientTargets,server.Services.MealPlan.NutrientTargets,server.Services.MealPlan.NutrientTargets,System.Single,System.Single,System.Single,System.Single,System.Single)
FNDA:5,System.Void server.Services.MealPlan.TargetsResult::.ctor(server.Services.MealPlan.NutrientTargets,server.Services.MealPlan.NutrientTargets,server.Services.MealPlan.NutrientTargets,System.Single,System.Single,System.Single,System.Single,System.Single)
DA:4,5
DA:13,5
FN:21,server.Services.MealPlan.TargetsResult server.Services.MealPlan.IntakeTargetCalculator::CalculateTargets(System.Int32,server.Core.EF.Gender,System.Single,System.Single,System.Single,server.Core.EF.WeightGoal)
FNDA:5,server.Services.MealPlan.TargetsResult server.Services.MealPlan.IntakeTargetCalculator::CalculateTargets(System.Int32,server.Core.EF.Gender,System.Single,System.Single,System.Single,server.Core.EF.WeightGoal)
DA:22,5
DA:23,5
DA:24,5
DA:25,5
FN:27,System.Single server.Services.MealPlan.IntakeTargetCalculator::CalculateCalorieTarget(System.Int32,server.Core.EF.Gender,System.Single,System.Single,System.Single,server.Core.EF.WeightGoal)
FNDA:5,System.Single server.Services.MealPlan.IntakeTargetCalculator::CalculateCalorieTarget(System.Int32,server.Core.EF.Gender,System.Single,System.Single,System.Single,server.Core.EF.WeightGoal)
DA:28,5
DA:45,5
DA:46,1
DA:48,4
DA:50,5
DA:54,5
DA:57,1
DA:58,1
DA:60,1
DA:61,1
DA:63,1
DA:64,1
DA:66,1
DA:67,1
DA:69,1
DA:70,1
DA:72,0
DA:75,5
DA:76,5
BRDA:45,7,0,1
BRDA:45,7,1,4
BRDA:54,90,1,1
BRDA:54,90,2,1
BRDA:54,90,3,1
BRDA:54,90,4,1
BRDA:54,90,5,1
BRDA:54,90,0,0
FN:78,server.Services.MealPlan.TargetsResult server.Services.MealPlan.IntakeTargetCalculator::CalculateTargets(System.Int32,server.Core.EF.Gender,System.Single)
FNDA:5,server.Services.MealPlan.TargetsResult server.Services.MealPlan.IntakeTargetCalculator::CalculateTargets(System.Int32,server.Core.EF.Gender,System.Single)
DA:79,5
DA:80,5
DA:81,5
DA:82,5
DA:83,5
DA:84,5
DA:85,5
DA:86,5
DA:87,5
DA:88,5
DA:89,5
DA:90,5
DA:91,5
DA:92,5
DA:93,5
DA:94,5
DA:95,5
DA:96,5
DA:97,5
DA:98,5
DA:99,5
DA:100,5
DA:101,5
DA:102,5
DA:103,5
DA:104,5
DA:105,5
DA:106,5
DA:107,5
DA:108,5
DA:110,5
DA:111,5
DA:112,5
DA:113,5
DA:114,5
DA:115,5
DA:116,5
DA:117,5
DA:118,5
DA:119,5
DA:120,5
DA:121,5
DA:122,5
DA:123,5
DA:124,5
DA:125,5
DA:126,5
DA:127,5
DA:128,5
DA:129,5
DA:130,5
DA:131,5
DA:132,5
DA:133,5
DA:134,5
DA:135,5
DA:136,5
DA:137,5
DA:138,5
DA:139,5
DA:140,5
DA:141,5
DA:143,5
DA:144,5
DA:145,5
DA:146,5
DA:147,5
DA:148,5
DA:149,5
DA:150,5
DA:151,5
DA:152,5
DA:153,5
DA:154,5
DA:155,5
DA:156,5
DA:157,5
DA:158,5
DA:159,5
DA:160,5
DA:161,5
DA:162,5
DA:163,5
DA:164,5
DA:165,5
DA:166,5
DA:167,5
DA:168,5
DA:169,5
DA:170,5
DA:171,5
DA:172,5
DA:173,5
DA:174,5
DA:176,5
DA:177,5
DA:178,5
DA:179,5
DA:180,5
DA:181,5
DA:182,5
DA:183,5
DA:184,5
DA:185,5
DA:186,5
DA:187,5
DA:188,5
DA:189,5
DA:190,5
DA:191,5
DA:192,5
DA:193,5
DA:194,5
DA:195,5
DA:196,5
DA:197,5
DA:198,5
DA:199,5
DA:200,5
DA:201,5
DA:202,5
DA:203,5
DA:204,5
DA:205,5
DA:206,5
DA:207,5
DA:209,5
DA:210,5
DA:211,5
DA:212,5
DA:214,5
DA:215,5
FN:217,System.ValueTuple`3<System.Single,System.Single,System.Single> server.Services.MealPlan.IntakeTargetCalculator::CalculateProtein(System.Int32,server.Core.EF.Gender,System.Single)
FNDA:8,System.ValueTuple`3<System.Single,System.Single,System.Single> server.Services.MealPlan.IntakeTargetCalculator::CalculateProtein(System.Int32,server.Core.EF.Gender,System.Single)
DA:218,8
DA:222,8
DA:223,1
DA:224,1
DA:225,1
DA:226,1
DA:227,1
DA:229,7
DA:230,7
DA:231,7
DA:232,7
DA:233,7
DA:235,8
DA:236,8
BRDA:222,11,0,1
BRDA:222,11,1,7
FN:238,System.ValueTuple`3<System.Single,System.Single,System.Single> server.Services.MealPlan.IntakeTargetCalculator::CalculateCarbohydrates(System.Int32,server.Core.EF.Gender,System.Single)
FNDA:6,System.ValueTuple`3<System.Single,System.Single,System.Single> server.Services.MealPlan.IntakeTargetCalculator::CalculateCarbohydrates(System.Int32,server.Core.EF.Gender,System.Single)
DA:239,6
DA:240,6
DA:241,6
DA:242,6
DA:243,6
DA:244,6
FN:246,System.ValueTuple`3<System.Single,System.Single,System.Single> server.Services.MealPlan.IntakeTargetCalculator::CalculateSugars(System.Int32,server.Core.EF.Gender,System.Single)
FNDA:6,System.ValueTuple`3<System.Single,System.Single,System.Single> server.Services.MealPlan.IntakeTargetCalculator::CalculateSugars(System.Int32,server.Core.EF.Gender,System.Single)
DA:247,6
DA:248,6
DA:249,6
DA:250,6
FN:252,System.ValueTuple`3<System.Single,System.Single,System.Single> server.Services.MealPlan.IntakeTargetCalculator::CalculateFibres(System.Int32,server.Core.EF.Gender,System.Single)
FNDA:8,System.ValueTuple`3<System.Single,System.Single,System.Single> server.Services.MealPlan.IntakeTargetCalculator::CalculateFibres(System.Int32,server.Core.EF.Gender,System.Single)
DA:253,8
DA:254,8
DA:258,8
DA:259,1
DA:260,1
DA:261,1
DA:262,1
DA:263,1
DA:265,7
DA:266,12
DA:267,2
DA:268,7
DA:269,11
DA:270,7
DA:271,7
DA:272,8
DA:273,8
BRDA:258,19,0,1
BRDA:258,19,1,7
BRDA:266,58,0,5
BRDA:266,58,1,2
BRDA:269,90,0,4
BRDA:269,90,1,7
FN:275,System.ValueTuple`3<System.Single,System.Single,System.Single> server.Services.MealPlan.IntakeTargetCalculator::CalculateTotalFat(System.Int32,server.Core.EF.Gender,System.Single)
FNDA:6,System.ValueTuple`3<System.Single,System.Single,System.Single> server.Services.MealPlan.IntakeTargetCalculator::CalculateTotalFat(System.Int32,server.Core.EF.Gender,System.Single)
DA:276,6
DA:277,6
DA:278,6
DA:279,6
DA:280,6
DA:281,6
FN:283,System.ValueTuple`3<System.Single,System.Single,System.Single> server.Services.MealPlan.IntakeTargetCalculator::CalculateSaturatedFat(System.Int32,server.Core.EF.Gender,System.Single)
FNDA:6,System.ValueTuple`3<System.Single,System.Single,System.Single> server.Services.MealPlan.IntakeTargetCalculator::CalculateSaturatedFat(System.Int32,server.Core.EF.Gender,System.Single)
DA:284,6
DA:285,6
DA:286,6
FN:288,System.ValueTuple`3<System.Single,System.Single,System.Single> server.Services.MealPlan.IntakeTargetCalculator::CalculateMonounsaturatedFat(System.Int32,server.Core.EF.Gender,System.Single)
FNDA:6,System.ValueTuple`3<System.Single,System.Single,System.Single> server.Services.MealPlan.IntakeTargetCalculator::CalculateMonounsaturatedFat(System.Int32,server.Core.EF.Gender,System.Single)
DA:289,6
DA:290,6
DA:291,6
DA:292,6
DA:293,6
DA:294,6
FN:296,System.ValueTuple`3<System.Single,System.Single,System.Single> server.Services.MealPlan.IntakeTargetCalculator::CalculatePolyunsaturatedFat(System.Int32,server.Core.EF.Gender,System.Single)
FNDA:6,System.ValueTuple`3<System.Single,System.Single,System.Single> server.Services.MealPlan.IntakeTargetCalculator::CalculatePolyunsaturatedFat(System.Int32,server.Core.EF.Gender,System.Single)
DA:297,6
DA:298,6
DA:299,6
DA:300,6
DA:301,6
DA:302,6
FN:304,System.ValueTuple`3<System.Single,System.Single,System.Single> server.Services.MealPlan.IntakeTargetCalculator::CalculateTransFat(System.Int32,server.Core.EF.Gender,System.Single)
FNDA:6,System.ValueTuple`3<System.Single,System.Single,System.Single> server.Services.MealPlan.IntakeTargetCalculator::CalculateTransFat(System.Int32,server.Core.EF.Gender,System.Single)
DA:305,6
DA:306,6
DA:307,6
FN:309,System.ValueTuple`3<System.Single,System.Single,System.Single> server.Services.MealPlan.IntakeTargetCalculator::CalculateVitaminA(System.Int32,server.Core.EF.Gender)
FNDA:10,System.ValueTuple`3<System.Single,System.Single,System.Single> server.Services.MealPlan.IntakeTargetCalculator::CalculateVitaminA(System.Int32,server.Core.EF.Gender)
DA:310,10
DA:315,10
DA:316,1
DA:317,1
DA:318,1
DA:319,1
DA:320,1
DA:321,9
DA:322,1
DA:323,1
DA:324,1
DA:325,1
DA:326,1
DA:327,8
DA:328,1
DA:329,1
DA:330,1
DA:331,1
DA:332,1
DA:333,7
DA:334,2
DA:335,2
DA:336,2
DA:337,2
DA:338,2
DA:340,5
DA:341,5
DA:342,5
DA:343,5
DA:344,5
DA:346,10
DA:347,10
BRDA:315,10,0,1
BRDA:315,10,1,9
BRDA:321,39,0,9
BRDA:321,39,1,0
BRDA:321,56,0,1
BRDA:321,56,1,8
BRDA:327,83,0,8
BRDA:327,83,1,0
BRDA:327,100,0,1
BRDA:327,100,1,7
BRDA:333,132,0,2
BRDA:333,132,1,5
FN:349,System.ValueTuple`3<System.Single,System.Single,System.Single> server.Services.MealPlan.IntakeTargetCalculator::CalculateVitaminB6(System.Int32,server.Core.EF.Gender)
FNDA:11,System.ValueTuple`3<System.Single,System.Single,System.Single> server.Services.MealPlan.IntakeTargetCalculator::CalculateVitaminB6(System.Int32,server.Core.EF.Gender)
DA:350,11
DA:355,11
DA:356,1
DA:357,1
DA:358,1
DA:359,1
DA:360,1
DA:361,10
DA:362,1
DA:363,1
DA:364,1
DA:365,1
DA:366,1
DA:367,9
DA:368,2
DA:369,2
DA:370,2
DA:371,2
DA:372,2
DA:373,7
DA:374,2
DA:375,2
DA:376,2
DA:377,2
DA:378,2
DA:380,5
DA:381,5
DA:382,5
DA:383,5
DA:384,5
DA:386,11
DA:387,11
BRDA:355,10,0,1
BRDA:355,10,1,10
BRDA:361,39,0,10
BRDA:361,39,1,0
BRDA:361,56,0,1
BRDA:361,56,1,9
BRDA:367,83,0,9
BRDA:367,83,1,0
BRDA:367,100,0,2
BRDA:370,111,0,1
BRDA:370,111,1,1
BRDA:367,100,1,7
BRDA:373,143,0,2
BRDA:373,143,1,5
FN:389,System.ValueTuple`3<System.Single,System.Single,System.Single> server.Services.MealPlan.IntakeTargetCalculator::CalculateVitaminB12(System.Int32,server.Core.EF.Gender)
FNDA:10,System.ValueTuple`3<System.Single,System.Single,System.Single> server.Services.MealPlan.IntakeTargetCalculator::CalculateVitaminB12(System.Int32,server.Core.EF.Gender)
DA:390,10
DA:393,10
DA:395,10
DA:396,1
DA:397,1
DA:398,1
DA:399,1
DA:400,9
DA:401,1
DA:402,1
DA:403,1
DA:404,1
DA:405,8
DA:406,1
DA:407,1
DA:408,1
DA:409,1
DA:410,7
DA:411,2
DA:412,2
DA:413,2
DA:414,2
DA:416,5
DA:417,5
DA:418,5
DA:419,5
DA:420,5
DA:422,10
DA:423,10
BRDA:395,16,0,1
BRDA:395,16,1,9
BRDA:400,36,0,9
BRDA:400,36,1,0
BRDA:400,53,0,1
BRDA:400,53,1,8
BRDA:405,74,0,8
BRDA:405,74,1,0
BRDA:405,91,0,1
BRDA:405,91,1,7
BRDA:410,117,0,2
BRDA:410,117,1,5
FN:425,System.ValueTuple`3<System.Single,System.Single,System.Single> server.Services.MealPlan.IntakeTargetCalculator::CalculateVitaminC(System.Int32)
FNDA:9,System.ValueTuple`3<System.Single,System.Single,System.Single> server.Services.MealPlan.IntakeTargetCalculator::CalculateVitaminC(System.Int32)
DA:426,9
DA:429,9
DA:431,9
DA:432,1
DA:433,1
DA:434,1
DA:435,1
DA:436,8
DA:437,1
DA:438,1
DA:439,1
DA:440,1
DA:441,7
DA:442,1
DA:443,1
DA:444,1
DA:445,1
DA:447,6
DA:448,6
DA:449,6
DA:450,6
DA:451,6
DA:453,9
DA:454,9
BRDA:431,16,0,1
BRDA:431,16,1,8
BRDA:436,36,0,8
BRDA:436,36,1,0
BRDA:436,53,0,1
BRDA:436,53,1,7
BRDA:441,74,0,7
BRDA:441,74,1,0
BRDA:441,91,0,1
BRDA:441,91,1,6
FN:456,System.ValueTuple`3<System.Single,System.Single,System.Single> server.Services.MealPlan.IntakeTargetCalculator::CalculateVitaminD(System.Int32)
FNDA:7,System.ValueTuple`3<System.Single,System.Single,System.Single> server.Services.MealPlan.IntakeTargetCalculator::CalculateVitaminD(System.Int32)
DA:457,7
DA:458,7
DA:460,7
DA:462,8
DA:463,6
DA:465,7
DA:466,7
BRDA:462,23,0,1
BRDA:462,23,1,6
FN:468,System.ValueTuple`3<System.Single,System.Single,System.Single> server.Services.MealPlan.IntakeTargetCalculator::CalculateVitaminE(System.Int32,server.Core.EF.Gender)
FNDA:11,System.ValueTuple`3<System.Single,System.Single,System.Single> server.Services.MealPlan.IntakeTargetCalculator::CalculateVitaminE(System.Int32,server.Core.EF.Gender)
DA:469,11
DA:474,11
DA:475,1
DA:476,1
DA:477,1
DA:478,1
DA:479,1
DA:480,10
DA:481,1
DA:482,1
DA:483,1
DA:484,1
DA:485,1
DA:486,9
DA:487,2
DA:488,2
DA:489,2
DA:490,2
DA:491,2
DA:492,7
DA:493,2
DA:494,2
DA:495,2
DA:496,2
DA:497,2
DA:499,5
DA:500,5
DA:501,5
DA:502,5
DA:503,5
DA:505,11
DA:506,11
BRDA:474,10,0,1
BRDA:474,10,1,10
BRDA:480,39,0,10
BRDA:480,39,1,0
BRDA:480,56,0,1
BRDA:480,56,1,9
BRDA:486,83,0,9
BRDA:486,83,1,0
BRDA:486,100,0,2
BRDA:489,111,0,1
BRDA:489,111,1,1
BRDA:486,100,1,7
BRDA:492,143,0,2
BRDA:492,143,1,5
FN:508,System.ValueTuple`3<System.Single,System.Single,System.Single> server.Services.MealPlan.IntakeTargetCalculator::CalculateThiamin(System.Int32,server.Core.EF.Gender,System.Single)
FNDA:13,System.ValueTuple`3<System.Single,System.Single,System.Single> server.Services.MealPlan.IntakeTargetCalculator::CalculateThiamin(System.Int32,server.Core.EF.Gender,System.Single)
DA:509,13
DA:512,13
DA:514,13
DA:515,1
DA:516,1
DA:517,1
DA:518,1
DA:519,12
DA:520,1
DA:521,1
DA:522,1
DA:523,1
DA:524,11
DA:525,2
DA:526,2
DA:527,2
DA:528,2
DA:530,9
DA:531,9
DA:532,9
DA:533,1
DA:534,1
DA:535,1
DA:536,8
DA:537,2
DA:538,2
DA:539,2
DA:541,6
DA:542,6
DA:543,6
DA:544,9
DA:546,13
DA:547,13
BRDA:514,16,0,1
BRDA:514,16,1,12
BRDA:519,39,0,12
BRDA:519,39,1,0
BRDA:519,56,0,1
BRDA:519,56,1,11
BRDA:524,80,0,11
BRDA:524,80,1,0
BRDA:524,97,0,2
BRDA:527,108,0,1
BRDA:527,108,1,1
BRDA:524,97,1,9
BRDA:531,129,0,7
BRDA:531,129,1,2
BRDA:532,156,0,1
BRDA:532,156,1,8
BRDA:536,187,0,2
BRDA:536,187,1,6
BRDA:542,202,0,5
BRDA:542,202,1,1
FN:549,System.ValueTuple`3<System.Single,System.Single,System.Single> server.Services.MealPlan.IntakeTargetCalculator::CalculateRiboflavin(System.Int32,server.Core.EF.Gender)
FNDA:11,System.ValueTuple`3<System.Single,System.Single,System.Single> server.Services.MealPlan.IntakeTargetCalculator::CalculateRiboflavin(System.Int32,server.Core.EF.Gender)
DA:550,11
DA:555,11
DA:556,1
DA:557,1
DA:558,1
DA:559,1
DA:560,1
DA:561,10
DA:562,1
DA:563,1
DA:564,1
DA:565,1
DA:566,1
DA:567,9
DA:568,2
DA:569,2
DA:570,2
DA:571,2
DA:572,2
DA:573,7
DA:574,2
DA:575,2
DA:576,2
DA:577,2
DA:578,2
DA:580,5
DA:581,5
DA:582,5
DA:583,5
DA:584,5
DA:586,11
DA:587,11
BRDA:555,10,0,1
BRDA:555,10,1,10
BRDA:561,39,0,10
BRDA:561,39,1,0
BRDA:561,56,0,1
BRDA:561,56,1,9
BRDA:567,83,0,9
BRDA:567,83,1,0
BRDA:567,100,0,2
BRDA:570,111,0,1
BRDA:570,111,1,1
BRDA:567,100,1,7
BRDA:573,143,0,2
BRDA:573,143,1,5
FN:589,System.ValueTuple`3<System.Single,System.Single,System.Single> server.Services.MealPlan.IntakeTargetCalculator::CalculateNiacin(System.Int32,server.Core.EF.Gender,System.Single)
FNDA:12,System.ValueTuple`3<System.Single,System.Single,System.Single> server.Services.MealPlan.IntakeTargetCalculator::CalculateNiacin(System.Int32,server.Core.EF.Gender,System.Single)
DA:590,12
DA:595,12
DA:596,1
DA:597,1
DA:598,1
DA:599,1
DA:600,1
DA:601,11
DA:602,1
DA:603,1
DA:604,1
DA:605,1
DA:606,1
DA:607,10
DA:608,2
DA:609,2
DA:610,2
DA:611,2
DA:612,2
DA:614,8
DA:615,8
DA:616,8
DA:618,8
DA:619,2
DA:620,2
DA:621,2
DA:623,6
DA:624,6
DA:625,6
DA:626,8
DA:628,12
DA:629,12
BRDA:595,10,0,1
BRDA:595,10,1,11
BRDA:601,39,0,11
BRDA:601,39,1,0
BRDA:601,56,0,1
BRDA:601,56,1,10
BRDA:607,86,0,10
BRDA:607,86,1,0
BRDA:607,103,0,2
BRDA:610,114,0,1
BRDA:610,114,1,1
BRDA:607,103,1,8
BRDA:615,141,0,6
BRDA:615,141,1,2
BRDA:618,181,0,2
BRDA:618,181,1,6
BRDA:624,196,0,5
BRDA:624,196,1,1
FN:631,System.ValueTuple`3<System.Single,System.Single,System.Single> server.Services.MealPlan.IntakeTargetCalculator::CalculateFolate(System.Int32,server.Core.EF.Gender)
FNDA:11,System.ValueTuple`3<System.Single,System.Single,System.Single> server.Services.MealPlan.IntakeTargetCalculator::CalculateFolate(System.Int32,server.Core.EF.Gender)
DA:632,11
DA:635,11
DA:637,11
DA:638,1
DA:639,1
DA:640,1
DA:641,1
DA:642,10
DA:643,1
DA:644,1
DA:645,1
DA:646,1
DA:647,9
DA:648,1
DA:649,1
DA:650,1
DA:651,1
DA:652,8
DA:653,2
DA:654,2
DA:655,2
DA:656,2
DA:658,6
DA:659,6
DA:660,6
DA:661,6
DA:663,11
DA:664,11
BRDA:637,16,0,1
BRDA:637,16,1,10
BRDA:642,36,0,10
BRDA:642,36,1,0
BRDA:642,53,0,1
BRDA:642,53,1,9
BRDA:647,74,0,9
BRDA:647,74,1,0
BRDA:647,91,0,1
BRDA:647,91,1,8
BRDA:652,111,0,3
BRDA:652,111,1,5
BRDA:652,125,0,2
BRDA:652,125,1,6
FN:666,System.ValueTuple`3<System.Single,System.Single,System.Single> server.Services.MealPlan.IntakeTargetCalculator::CalculateSalt(System.Int32,System.Single)
FNDA:7,System.ValueTuple`3<System.Single,System.Single,System.Single> server.Services.MealPlan.IntakeTargetCalculator::CalculateSalt(System.Int32,System.Single)
DA:667,7
DA:670,7
DA:672,7
DA:673,1
DA:674,1
DA:675,1
DA:676,1
DA:678,6
DA:679,6
DA:680,6
DA:681,6
DA:683,7
DA:684,7
BRDA:672,14,0,1
BRDA:672,14,1,6
FN:686,System.ValueTuple`3<System.Single,System.Single,System.Single> server.Services.MealPlan.IntakeTargetCalculator::CalculatePotassium(System.Int32,server.Core.EF.Gender)
FNDA:11,System.ValueTuple`3<System.Single,System.Single,System.Single> server.Services.MealPlan.IntakeTargetCalculator::CalculatePotassium(System.Int32,server.Core.EF.Gender)
DA:687,11
DA:690,11
DA:692,11
DA:693,1
DA:694,1
DA:695,1
DA:696,1
DA:697,10
DA:698,1
DA:699,1
DA:700,1
DA:701,1
DA:702,9
DA:703,2
DA:704,2
DA:705,2
DA:706,2
DA:708,7
DA:709,7
DA:710,7
DA:711,7
DA:713,11
DA:714,11
BRDA:692,16,0,1
BRDA:692,16,1,10
BRDA:697,36,0,10
BRDA:697,36,1,0
BRDA:697,53,0,1
BRDA:697,53,1,9
BRDA:702,74,0,9
BRDA:702,74,1,0
BRDA:702,91,0,2
BRDA:705,102,0,1
BRDA:705,102,1,1
BRDA:702,91,1,7
BRDA:710,129,0,5
BRDA:710,129,1,2
FN:716,System.ValueTuple`3<System.Single,System.Single,System.Single> server.Services.MealPlan.IntakeTargetCalculator::CalculateMagnesium(System.Int32,server.Core.EF.Gender)
FNDA:10,System.ValueTuple`3<System.Single,System.Single,System.Single> server.Services.MealPlan.IntakeTargetCalculator::CalculateMagnesium(System.Int32,server.Core.EF.Gender)
DA:717,10
DA:718,10
DA:720,10
DA:722,10
DA:723,1
DA:724,1
DA:725,1
DA:726,9
DA:727,1
DA:728,1
DA:729,1
DA:730,8
DA:731,1
DA:732,1
DA:733,1
DA:735,7
DA:736,7
DA:737,7
DA:739,10
DA:740,10
BRDA:722,22,0,1
BRDA:722,22,1,9
BRDA:726,36,0,9
BRDA:726,36,1,0
BRDA:726,53,0,1
BRDA:726,53,1,8
BRDA:730,68,0,8
BRDA:730,68,1,0
BRDA:730,85,0,1
BRDA:730,85,1,7
BRDA:736,100,0,5
BRDA:736,100,1,2
FN:742,System.ValueTuple`3<System.Single,System.Single,System.Single> server.Services.MealPlan.IntakeTargetCalculator::CalculateIron(System.Int32,server.Core.EF.Gender)
FNDA:11,System.ValueTuple`3<System.Single,System.Single,System.Single> server.Services.MealPlan.IntakeTargetCalculator::CalculateIron(System.Int32,server.Core.EF.Gender)
DA:743,11
DA:748,11
DA:749,1
DA:750,1
DA:751,1
DA:752,1
DA:753,1
DA:754,10
DA:755,1
DA:756,1
DA:757,1
DA:758,1
DA:759,1
DA:760,9
DA:761,1
DA:762,1
DA:763,1
DA:764,1
DA:765,1
DA:766,8
DA:767,1
DA:768,1
DA:769,1
DA:770,1
DA:771,1
DA:773,7
DA:774,7
DA:775,7
DA:776,7
DA:777,7
DA:779,11
DA:780,11
BRDA:748,10,0,1
BRDA:748,10,1,10
BRDA:754,39,0,10
BRDA:754,39,1,0
BRDA:754,56,0,1
BRDA:754,56,1,9
BRDA:760,83,0,9
BRDA:760,83,1,0
BRDA:760,100,0,1
BRDA:760,100,1,8
BRDA:766,126,0,3
BRDA:766,126,1,5
BRDA:766,143,0,1
BRDA:766,143,1,7
BRDA:776,182,0,5
BRDA:776,182,1,2
FN:782,System.ValueTuple`3<System.Single,System.Single,System.Single> server.Services.MealPlan.IntakeTargetCalculator::CalculateZinc(System.Int32,server.Core.EF.Gender)
FNDA:11,System.ValueTuple`3<System.Single,System.Single,System.Single> server.Services.MealPlan.IntakeTargetCalculator::CalculateZinc(System.Int32,server.Core.EF.Gender)
DA:783,11
DA:786,11
DA:788,11
DA:789,1
DA:790,1
DA:791,1
DA:792,1
DA:793,10
DA:794,1
DA:795,1
DA:796,1
DA:797,1
DA:798,9
DA:799,2
DA:800,2
DA:801,2
DA:802,2
DA:803,7
DA:804,2
DA:805,2
DA:806,2
DA:807,2
DA:809,5
DA:810,5
DA:811,5
DA:812,5
DA:814,11
DA:815,11
BRDA:788,16,0,1
BRDA:788,16,1,10
BRDA:793,36,0,10
BRDA:793,36,1,0
BRDA:793,53,0,1
BRDA:793,53,1,9
BRDA:798,74,0,9
BRDA:798,74,1,0
BRDA:798,91,0,2
BRDA:801,102,0,1
BRDA:801,102,1,1
BRDA:798,91,1,7
BRDA:803,128,0,2
BRDA:803,128,1,5
FN:817,System.ValueTuple`3<System.Single,System.Single,System.Single> server.Services.MealPlan.IntakeTargetCalculator::CalculatePhosphorus(System.Int32)
FNDA:9,System.ValueTuple`3<System.Single,System.Single,System.Single> server.Services.MealPlan.IntakeTargetCalculator::CalculatePhosphorus(System.Int32)
DA:818,9
DA:823,9
DA:824,1
DA:825,1
DA:826,1
DA:827,1
DA:828,1
DA:829,8
DA:830,1
DA:831,1
DA:832,1
DA:833,1
DA:834,1
DA:835,7
DA:836,1
DA:837,1
DA:838,1
DA:839,1
DA:840,1
DA:842,6
DA:843,6
DA:844,6
DA:845,6
DA:846,6
DA:848,9
DA:849,9
BRDA:823,10,0,1
BRDA:823,10,1,8
BRDA:829,36,0,8
BRDA:829,36,1,0
BRDA:829,53,0,1
BRDA:829,53,1,7
BRDA:835,80,0,7
BRDA:835,80,1,0
BRDA:835,97,0,1
BRDA:835,97,1,6
FN:851,System.ValueTuple`3<System.Single,System.Single,System.Single> server.Services.MealPlan.IntakeTargetCalculator::CalculateCopper(System.Int32)
FNDA:9,System.ValueTuple`3<System.Single,System.Single,System.Single> server.Services.MealPlan.IntakeTargetCalculator::CalculateCopper(System.Int32)
DA:852,9
DA:857,9
DA:858,1
DA:859,1
DA:860,1
DA:861,1
DA:862,1
DA:863,8
DA:864,1
DA:865,1
DA:866,1
DA:867,1
DA:868,1
DA:869,7
DA:870,1
DA:871,1
DA:872,1
DA:873,1
DA:874,1
DA:876,6
DA:877,6
DA:878,6
DA:879,6
DA:880,6
DA:882,9
DA:883,9
BRDA:857,10,0,1
BRDA:857,10,1,8
BRDA:863,36,0,8
BRDA:863,36,1,0
BRDA:863,53,0,1
BRDA:863,53,1,7
BRDA:869,80,0,7
BRDA:869,80,1,0
BRDA:869,97,0,1
BRDA:869,97,1,6
FN:885,System.ValueTuple`3<System.Single,System.Single,System.Single> server.Services.MealPlan.IntakeTargetCalculator::CalculateIodine(System.Int32)
FNDA:9,System.ValueTuple`3<System.Single,System.Single,System.Single> server.Services.MealPlan.IntakeTargetCalculator::CalculateIodine(System.Int32)
DA:886,9
DA:891,9
DA:892,1
DA:893,1
DA:894,1
DA:895,1
DA:896,1
DA:897,8
DA:898,1
DA:899,1
DA:900,1
DA:901,1
DA:902,1
DA:903,7
DA:904,1
DA:905,1
DA:906,1
DA:907,1
DA:908,1
DA:910,6
DA:911,6
DA:912,6
DA:913,6
DA:914,6
DA:916,9
DA:917,9
BRDA:891,10,0,1
BRDA:891,10,1,8
BRDA:897,36,0,8
BRDA:897,36,1,0
BRDA:897,53,0,1
BRDA:897,53,1,7
BRDA:903,80,0,7
BRDA:903,80,1,0
BRDA:903,97,0,1
BRDA:903,97,1,6
FN:919,System.ValueTuple`3<System.Single,System.Single,System.Single> server.Services.MealPlan.IntakeTargetCalculator::CalculateSelenium(System.Int32,server.Core.EF.Gender)
FNDA:10,System.ValueTuple`3<System.Single,System.Single,System.Single> server.Services.MealPlan.IntakeTargetCalculator::CalculateSelenium(System.Int32,server.Core.EF.Gender)
DA:920,10
DA:925,10
DA:926,1
DA:927,1
DA:928,1
DA:929,1
DA:930,1
DA:931,9
DA:932,1
DA:933,1
DA:934,1
DA:935,1
DA:936,1
DA:937,8
DA:938,1
DA:939,1
DA:940,1
DA:941,1
DA:942,1
DA:944,7
DA:945,7
DA:946,7
DA:947,7
DA:948,7
DA:950,10
DA:951,10
BRDA:925,10,0,1
BRDA:925,10,1,9
BRDA:931,36,0,9
BRDA:931,36,1,0
BRDA:931,53,0,1
BRDA:931,53,1,8
BRDA:937,80,0,8
BRDA:937,80,1,0
BRDA:937,97,0,1
BRDA:937,97,1,7
BRDA:946,130,0,5
BRDA:946,130,1,2
FN:953,System.ValueTuple`3<System.Single,System.Single,System.Single> server.Services.MealPlan.IntakeTargetCalculator::CalculateCalcium(System.Int32,server.Core.EF.Gender)
FNDA:9,System.ValueTuple`3<System.Single,System.Single,System.Single> server.Services.MealPlan.IntakeTargetCalculator::CalculateCalcium(System.Int32,server.Core.EF.Gender)
DA:954,9
DA:959,9
DA:960,1
DA:961,1
DA:962,1
DA:963,1
DA:964,1
DA:965,8
DA:966,1
DA:967,1
DA:968,1
DA:969,1
DA:970,1
DA:971,7
DA:972,1
DA:973,1
DA:974,1
DA:975,1
DA:976,1
DA:978,6
DA:979,6
DA:980,6
DA:981,6
DA:982,6
DA:984,9
DA:985,9
BRDA:959,10,0,1
BRDA:959,10,1,8
BRDA:965,36,0,8
BRDA:965,36,1,0
BRDA:965,53,0,1
BRDA:965,53,1,7
BRDA:971,80,0,7
BRDA:971,80,1,0
BRDA:971,97,0,1
BRDA:971,97,1,6
FN:16,System.Void server.Services.MealPlan.IntakeTargetCalculator::.ctor()
FNDA:119,System.Void server.Services.MealPlan.IntakeTargetCalculator::.ctor()
DA:17,119
DA:19,357
LF:759
LH:758
BRF:256
BRH:219
FNF:42
FNH:42
end_of_record
SF:/Users/adrian/Documents/ITU/6_Semester/BachelorProjekt/NourishNexus/server/Services/MealPlanAlgorithm/MealPlan.cs
FN:8,System.Collections.Generic.List`1<server.Services.MealPlan.Day> server.Services.MealPlan.MealPlan::get_Days()
FNDA:2814,System.Collections.Generic.List`1<server.Services.MealPlan.Day> server.Services.MealPlan.MealPlan::get_Days()
DA:9,2814
DA:10,2814
DA:11,2814
FN:12,System.Void server.Services.MealPlan.MealPlan::set_Days(System.Collections.Generic.List`1<server.Services.MealPlan.Day>)
FNDA:0,System.Void server.Services.MealPlan.MealPlan::set_Days(System.Collections.Generic.List`1<server.Services.MealPlan.Day>)
DA:13,0
DA:14,0
DA:15,0
DA:16,0
BRDA:14,15,0,0
BRDA:14,15,1,0
FN:29,server.Services.MealPlan.NutrientTargets server.Services.MealPlan.MealPlan::CalculateNutrientSums()
FNDA:233,server.Services.MealPlan.NutrientTargets server.Services.MealPlan.MealPlan::CalculateNutrientSums()
DA:30,233
DA:31,233
DA:33,3961
DA:34,1631
DA:35,1631
DA:36,1631
DA:37,1631
DA:38,1631
DA:39,1631
DA:40,1631
DA:42,233
DA:43,233
BRDA:33,182,1,1631
BRDA:35,40,0,0
BRDA:35,40,1,1631
BRDA:36,67,0,0
BRDA:36,67,1,1631
BRDA:37,95,0,0
BRDA:37,95,1,1631
BRDA:38,123,0,0
BRDA:38,123,1,1631
BRDA:33,182,0,233
FN:19,System.Void server.Services.MealPlan.MealPlan::.ctor()
FNDA:6,System.Void server.Services.MealPlan.MealPlan::.ctor()
DA:20,6
DA:21,6
DA:22,6
DA:23,96
DA:24,42
DA:25,42
DA:26,42
DA:27,6
BRDA:23,52,1,42
BRDA:23,52,0,6
FN:50,server.Services.MealPlan.PlannedMeal server.Services.MealPlan.Day::get_Breakfast()
FNDA:15612,server.Services.MealPlan.PlannedMeal server.Services.MealPlan.Day::get_Breakfast()
DA:51,15612
FN:52,System.Void server.Services.MealPlan.Day::set_Breakfast(server.Services.MealPlan.PlannedMeal)
FNDA:42,System.Void server.Services.MealPlan.Day::set_Breakfast(server.Services.MealPlan.PlannedMeal)
DA:53,42
DA:54,84
DA:55,0
DA:56,42
BRDA:54,12,0,42
BRDA:54,12,1,0
FN:57,System.Boolean server.Services.MealPlan.Day::get_BreakfastLocked()
FNDA:987,System.Boolean server.Services.MealPlan.Day::get_BreakfastLocked()
DA:58,987
FN:61,server.Services.MealPlan.PlannedMeal server.Services.MealPlan.Day::get_Lunch()
FNDA:15423,server.Services.MealPlan.PlannedMeal server.Services.MealPlan.Day::get_Lunch()
DA:62,15423
FN:63,System.Void server.Services.MealPlan.Day::set_Lunch(server.Services.MealPlan.PlannedMeal)
FNDA:42,System.Void server.Services.MealPlan.Day::set_Lunch(server.Services.MealPlan.PlannedMeal)
DA:64,42
DA:65,84
DA:66,0
DA:67,42
BRDA:65,12,0,42
BRDA:65,12,1,0
FN:68,System.Boolean server.Services.MealPlan.Day::get_LunchLocked()
FNDA:987,System.Boolean server.Services.MealPlan.Day::get_LunchLocked()
DA:69,987
FN:74,server.Services.MealPlan.PlannedMeal server.Services.MealPlan.Day::get_Dinner()
FNDA:15534,server.Services.MealPlan.PlannedMeal server.Services.MealPlan.Day::get_Dinner()
DA:75,15534
FN:76,System.Void server.Services.MealPlan.Day::set_Dinner(server.Services.MealPlan.PlannedMeal)
FNDA:42,System.Void server.Services.MealPlan.Day::set_Dinner(server.Services.MealPlan.PlannedMeal)
DA:77,42
DA:78,84
DA:79,0
DA:80,42
BRDA:78,12,0,42
BRDA:78,12,1,0
FN:81,System.Boolean server.Services.MealPlan.Day::get_DinnerLocked()
FNDA:987,System.Boolean server.Services.MealPlan.Day::get_DinnerLocked()
DA:82,987
FN:87,server.Services.MealPlan.PlannedMeal server.Services.MealPlan.Day::get_Snacks()
FNDA:15582,server.Services.MealPlan.PlannedMeal server.Services.MealPlan.Day::get_Snacks()
DA:88,15582
FN:89,System.Void server.Services.MealPlan.Day::set_Snacks(server.Services.MealPlan.PlannedMeal)
FNDA:42,System.Void server.Services.MealPlan.Day::set_Snacks(server.Services.MealPlan.PlannedMeal)
DA:90,42
DA:91,84
DA:92,0
DA:93,42
BRDA:91,12,0,42
BRDA:91,12,1,0
FN:94,System.Boolean server.Services.MealPlan.Day::get_SnacksLocked()
FNDA:987,System.Boolean server.Services.MealPlan.Day::get_SnacksLocked()
DA:95,987
FN:95,System.Void server.Services.MealPlan.Day::.ctor()
FNDA:126,System.Void server.Services.MealPlan.Day::.ctor()
DA:96,126
LF:52
LH:44
BRF:22
BRH:12
FNF:17
FNH:16
end_of_record
SF:/Users/adrian/Documents/ITU/6_Semester/BachelorProjekt/NourishNexus/server/Services/MealPlanAlgorithm/MealPlanGenerator.cs
FN:144,System.Boolean server.Services.MealPlan.MealPlanGenerator::UserPrerequisites(server.Core.EF.DTO.UserNutritionDTO)
FNDA:1,System.Boolean server.Services.MealPlan.MealPlanGenerator::UserPrerequisites(server.Core.EF.DTO.UserNutritionDTO)
DA:145,1
DA:147,1
DA:150,1
DA:151,1
DA:152,1
DA:153,1
BRDA:147,13,0,0
BRDA:147,13,1,1
FN:156,server.Services.MealPlan.NutrientTargets server.Services.MealPlan.MealPlanGenerator::GetLowerBounds(server.Core.EF.DTO.UserNutritionDTO)
FNDA:1,server.Services.MealPlan.NutrientTargets server.Services.MealPlan.MealPlanGenerator::GetLowerBounds(server.Core.EF.DTO.UserNutritionDTO)
DA:157,1
DA:158,1
DA:160,1
DA:161,1
DA:162,1
DA:163,1
DA:164,1
DA:165,1
DA:166,1
DA:167,1
DA:168,1
DA:169,1
DA:170,1
DA:171,1
DA:172,1
DA:173,1
DA:174,1
DA:175,1
DA:176,1
DA:177,1
DA:178,1
DA:179,1
DA:180,1
DA:181,1
DA:182,1
DA:183,1
DA:184,1
DA:185,1
DA:186,1
DA:187,1
DA:188,1
DA:190,1
DA:191,1
FN:234,server.Services.MealPlan.NutrientTargets server.Services.MealPlan.MealPlanGenerator::GetDailyIdealIntake(server.Core.EF.DTO.UserNutritionDTO)
FNDA:1,server.Services.MealPlan.NutrientTargets server.Services.MealPlan.MealPlanGenerator::GetDailyIdealIntake(server.Core.EF.DTO.UserNutritionDTO)
DA:235,1
DA:236,1
DA:238,1
DA:239,1
DA:240,1
DA:241,1
DA:242,1
DA:243,1
DA:244,1
DA:245,1
DA:246,1
DA:247,1
DA:248,1
DA:249,1
DA:250,1
DA:251,1
DA:252,1
DA:253,1
DA:254,1
DA:255,1
DA:256,1
DA:257,1
DA:258,1
DA:259,1
DA:260,1
DA:261,1
DA:262,1
DA:263,1
DA:264,1
DA:265,1
DA:266,1
DA:268,1
DA:269,1
FN:271,System.Single server.Services.MealPlan.MealPlanGenerator::BalanceOut(System.Single,System.Single,System.Single,System.Single)
FNDA:29,System.Single server.Services.MealPlan.MealPlanGenerator::BalanceOut(System.Single,System.Single,System.Single,System.Single)
DA:272,29
DA:273,29
DA:274,43
DA:275,29
DA:276,29
DA:277,29
BRDA:274,21,0,14
BRDA:274,21,1,29
BRDA:275,33,0,0
BRDA:275,33,1,29
FN:326,server.Services.MealPlan.NutrientTargets server.Services.MealPlan.MealPlanGenerator::GetUpperBounds(server.Core.EF.DTO.UserNutritionDTO)
FNDA:1,server.Services.MealPlan.NutrientTargets server.Services.MealPlan.MealPlanGenerator::GetUpperBounds(server.Core.EF.DTO.UserNutritionDTO)
DA:327,1
DA:328,1
DA:329,1
DA:330,1
DA:331,1
DA:332,1
DA:333,1
DA:334,1
DA:335,1
DA:336,1
DA:337,1
DA:338,1
DA:339,1
DA:340,1
DA:341,1
DA:342,1
DA:343,1
DA:344,1
DA:345,1
DA:346,1
DA:347,1
DA:348,1
DA:349,1
DA:350,1
DA:351,1
DA:352,1
DA:353,1
DA:354,1
DA:355,1
DA:356,1
DA:357,1
DA:359,1
DA:360,1
FN:362,server.Services.MealPlan.MealPlanGenerator/UserCalories server.Services.MealPlan.MealPlanGenerator::GetCalorieTargets(server.Core.EF.DTO.UserNutritionDTO)
FNDA:1,server.Services.MealPlan.MealPlanGenerator/UserCalories server.Services.MealPlan.MealPlanGenerator::GetCalorieTargets(server.Core.EF.DTO.UserNutritionDTO)
DA:363,1
DA:364,1
DA:365,1
DA:366,1
DA:367,1
DA:368,1
DA:369,1
DA:370,1
DA:371,1
DA:372,1
FN:395,System.Collections.Generic.List`1<server.Core.EF.DTO.RecipeAmountWithFoodItemsDTO> server.Services.MealPlan.MealPlanGenerator::RandomizeFirstHalf(server.Core.EF.DTO.UserNutritionDTO,System.DateTime,System.Collections.Generic.List`1<server.Core.EF.DTO.RecipeAmountWithFoodItemsDTO>)
FNDA:6,System.Collections.Generic.List`1<server.Core.EF.DTO.RecipeAmountWithFoodItemsDTO> server.Services.MealPlan.MealPlanGenerator::RandomizeFirstHalf(server.Core.EF.DTO.UserNutritionDTO,System.DateTime,System.Collections.Generic.List`1<server.Core.EF.DTO.RecipeAmountWithFoodItemsDTO>)
DA:396,6
DA:398,6
DA:399,6
DA:400,6
DA:401,6
DA:402,198
DA:403,6
DA:406,420
DA:407,204
DA:408,204
DA:409,204
DA:411,6
DA:412,6
BRDA:406,106,1,204
BRDA:406,106,0,6
FN:506,System.Single server.Services.MealPlan.MealPlanGenerator::CountCalories(System.Collections.Generic.List`1<server.Core.EF.DTO.FoodItemAmountDTO>)
FNDA:402,System.Single server.Services.MealPlan.MealPlanGenerator::CountCalories(System.Collections.Generic.List`1<server.Core.EF.DTO.FoodItemAmountDTO>)
DA:507,402
DA:508,402
DA:509,4830
DA:510,1812
DA:511,1812
DA:512,1812
DA:513,402
DA:514,402
BRDA:509,55,1,1812
BRDA:509,55,0,402
FN:516,server.Core.Option`1<server.Core.EF.DTO.RecipeAmountWithFoodItemsDTO> server.Services.MealPlan.MealPlanGenerator::FindAndRemoveRecipe(System.Collections.Generic.List`1<server.Core.EF.DTO.RecipeAmountWithFoodItemsDTO>,server.Services.MealPlan.PlannedMeal)
FNDA:632,server.Core.Option`1<server.Core.EF.DTO.RecipeAmountWithFoodItemsDTO> server.Services.MealPlan.MealPlanGenerator::FindAndRemoveRecipe(System.Collections.Generic.List`1<server.Core.EF.DTO.RecipeAmountWithFoodItemsDTO>,server.Services.MealPlan.PlannedMeal)
DA:517,632
DA:518,9952
DA:519,4746
DA:520,4746
DA:522,4746
DA:523,4746
DA:526,1567
DA:527,1567
DA:529,1845
DA:530,1845
DA:532,420
DA:533,420
DA:535,914
DA:536,914
DA:538,0
DA:540,9090
DA:544,402
DA:545,1206
DA:546,0
DA:547,0
DA:548,0
DA:549,402
DA:553,402
DA:554,402
DA:556,230
DA:557,632
BRDA:518,257,1,4746
BRDA:523,33,1,1567
BRDA:523,33,2,1845
BRDA:523,33,3,420
BRDA:523,33,4,914
BRDA:523,33,0,4746
BRDA:540,122,1,402
BRDA:545,191,1,0
BRDA:547,179,0,0
BRDA:547,179,1,0
BRDA:545,191,0,402
BRDA:549,218,1,402
BRDA:540,122,0,4344
BRDA:549,218,0,4344
BRDA:518,257,0,230
FN:618,server.Core.EF.DTO.MealPlanResponse server.Services.MealPlan.MealPlanGenerator::ReplaceLowestMeals(server.Services.MealPlan.MealPlan,server.Services.MealPlan.NutrientTargets,System.Collections.Generic.List`1<server.Core.EF.DTO.RecipeAmountWithFoodItemsDTO>,server.Services.MealPlan.MealPlanGenerator/UserCalories)
FNDA:111,server.Core.EF.DTO.MealPlanResponse server.Services.MealPlan.MealPlanGenerator::ReplaceLowestMeals(server.Services.MealPlan.MealPlan,server.Services.MealPlan.NutrientTargets,System.Collections.Generic.List`1<server.Core.EF.DTO.RecipeAmountWithFoodItemsDTO>,server.Services.MealPlan.MealPlanGenerator/UserCalories)
DA:619,111
DA:620,111
DA:621,111
DA:622,111
DA:623,111
DA:625,111
DA:627,111
DA:628,111
DA:629,111
DA:630,111
DA:632,1776
DA:633,777
DA:634,777
DA:635,777
DA:636,777
DA:637,777
DA:639,777
DA:640,777
DA:641,777
DA:642,777
DA:643,212
DA:644,212
DA:645,212
DA:646,212
DA:647,777
DA:649,777
DA:650,777
DA:651,777
DA:652,777
DA:653,777
DA:654,777
DA:655,777
DA:656,150
DA:657,150
DA:658,150
DA:659,150
DA:660,777
DA:662,777
DA:663,777
DA:664,777
DA:665,777
DA:666,777
DA:667,777
DA:668,777
DA:669,185
DA:670,185
DA:671,185
DA:672,185
DA:673,777
DA:675,777
DA:676,777
DA:677,777
DA:678,777
DA:679,777
DA:680,777
DA:681,777
DA:682,203
DA:683,203
DA:684,203
DA:685,203
DA:686,777
DA:687,777
DA:690,111
DA:691,111
DA:692,111
DA:693,111
DA:695,111
DA:696,111
DA:697,111
DA:698,111
DA:699,111
DA:700,111
BRDA:632,735,1,777
BRDA:635,67,0,777
BRDA:637,87,0,0
BRDA:637,87,1,777
BRDA:642,200,0,212
BRDA:642,200,1,777
BRDA:635,67,1,777
BRDA:649,231,0,777
BRDA:651,251,0,0
BRDA:651,251,1,777
BRDA:655,364,0,150
BRDA:655,364,1,777
BRDA:649,231,1,777
BRDA:662,395,0,777
BRDA:664,415,0,0
BRDA:664,415,1,777
BRDA:668,528,0,185
BRDA:668,528,1,777
BRDA:662,395,1,777
BRDA:675,559,0,777
BRDA:677,579,0,0
BRDA:677,579,1,777
BRDA:681,692,0,203
BRDA:681,692,1,777
BRDA:675,559,1,777
BRDA:632,735,0,111
BRDA:690,742,0,111
BRDA:690,742,1,0
BRDA:691,767,0,111
BRDA:691,767,1,0
BRDA:692,792,0,111
BRDA:692,792,1,0
BRDA:693,817,0,111
BRDA:693,817,1,0
BRDA:695,842,0,96
BRDA:695,846,0,96
BRDA:695,850,0,3
BRDA:695,854,0,2
BRDA:695,842,1,109
BRDA:695,846,1,109
BRDA:695,850,1,109
BRDA:695,854,1,109
FN:702,server.Services.MealPlan.NutrientTargets server.Services.MealPlan.MealPlanGenerator::FilterReferenceWhereNutrientsAreMetOrExceeds(server.Services.MealPlan.NutrientTargets,server.Services.MealPlan.NutrientTargets,server.Services.MealPlan.NutrientTargets)
FNDA:3108,server.Services.MealPlan.NutrientTargets server.Services.MealPlan.MealPlanGenerator::FilterReferenceWhereNutrientsAreMetOrExceeds(server.Services.MealPlan.NutrientTargets,server.Services.MealPlan.NutrientTargets,server.Services.MealPlan.NutrientTargets)
DA:703,3108
DA:704,3108
DA:705,3108
DA:706,3108
DA:707,3108
DA:708,3108
DA:709,3108
DA:710,3108
DA:711,3108
DA:712,3108
DA:713,3108
DA:714,3108
DA:715,3108
DA:716,3108
DA:717,3108
DA:718,3108
DA:719,3108
DA:720,3108
DA:721,3108
DA:722,3108
DA:723,3108
DA:724,3108
DA:725,3108
DA:726,3108
DA:727,3108
DA:728,3108
DA:729,3108
DA:730,3108
DA:731,3108
DA:732,3108
DA:733,3108
DA:734,3108
BRDA:703,18,0,0
BRDA:703,18,1,3108
BRDA:703,52,0,3108
BRDA:703,52,1,0
BRDA:703,86,0,0
BRDA:703,86,1,3108
BRDA:703,120,0,1120
BRDA:703,120,1,1988
BRDA:703,154,0,392
BRDA:703,154,1,2716
BRDA:703,188,0,0
BRDA:703,188,1,3108
BRDA:703,222,0,1680
BRDA:703,222,1,1428
BRDA:703,256,0,2492
BRDA:703,256,1,616
BRDA:703,290,0,0
BRDA:703,290,1,3108
BRDA:703,324,0,2380
BRDA:703,324,1,728
BRDA:703,358,0,0
BRDA:703,358,1,3108
BRDA:703,392,0,0
BRDA:703,392,1,3108
BRDA:703,426,0,140
BRDA:703,426,1,2968
BRDA:703,460,0,2408
BRDA:703,460,1,700
BRDA:703,494,0,0
BRDA:703,494,1,3108
BRDA:703,528,0,0
BRDA:703,528,1,3108
BRDA:703,562,0,1624
BRDA:703,562,1,1484
BRDA:703,596,0,0
BRDA:703,596,1,3108
BRDA:703,630,0,0
BRDA:703,630,1,3108
BRDA:703,664,0,0
BRDA:703,664,1,3108
BRDA:703,698,0,532
BRDA:703,698,1,2576
BRDA:703,732,0,28
BRDA:703,732,1,3080
BRDA:703,766,0,0
BRDA:703,766,1,3108
BRDA:703,800,0,0
BRDA:703,800,1,3108
BRDA:703,834,0,0
BRDA:703,834,1,3108
BRDA:703,868,0,0
BRDA:703,868,1,3108
BRDA:703,902,0,2464
BRDA:703,902,1,644
BRDA:703,936,0,0
BRDA:703,936,1,3108
BRDA:703,970,0,1764
BRDA:703,970,1,1344
FN:736,server.Core.EF.DTO.MealPlanResponse server.Services.MealPlan.MealPlanGenerator::Replace(System.Collections.Generic.List`1<server.Core.EF.DTO.RecipeAmountWithFoodItemsDTO>,server.Services.MealPlan.PlannedMeal,System.Single)
FNDA:464,server.Core.EF.DTO.MealPlanResponse server.Services.MealPlan.MealPlanGenerator::Replace(System.Collections.Generic.List`1<server.Core.EF.DTO.RecipeAmountWithFoodItemsDTO>,server.Services.MealPlan.PlannedMeal,System.Single)
DA:737,464
DA:739,464
DA:740,694
DA:742,234
DA:743,234
DA:744,234
DA:745,234
DA:746,234
DA:747,234
DA:750,234
DA:751,234
DA:752,234
DA:753,234
DA:755,234
DA:756,464
BRDA:740,19,0,230
BRDA:740,19,1,234
FN:759,server.Core.EF.DTO.MealPlanResponse server.Services.MealPlan.MealPlanGenerator::ReplaceHighest(server.Services.MealPlan.MealPlan,server.Services.MealPlan.NutrientTargets,System.Collections.Generic.List`1<server.Core.EF.DTO.RecipeAmountWithFoodItemsDTO>,server.Services.MealPlan.MealPlanGenerator/UserCalories)
FNDA:5,server.Core.EF.DTO.MealPlanResponse server.Services.MealPlan.MealPlanGenerator::ReplaceHighest(server.Services.MealPlan.MealPlan,server.Services.MealPlan.NutrientTargets,System.Collections.Generic.List`1<server.Core.EF.DTO.RecipeAmountWithFoodItemsDTO>,server.Services.MealPlan.MealPlanGenerator/UserCalories)
DA:760,5
DA:761,5
DA:762,5
DA:763,5
DA:764,5
DA:766,5
DA:767,5
DA:768,5
DA:769,5
DA:771,80
DA:772,35
DA:773,35
DA:774,35
DA:775,35
DA:776,35
DA:777,35
DA:778,35
DA:779,35
DA:780,15
DA:781,15
DA:782,15
DA:783,15
DA:784,35
DA:786,35
DA:787,35
DA:788,35
DA:789,35
DA:790,35
DA:791,35
DA:792,14
DA:793,14
DA:794,14
DA:795,14
DA:796,35
DA:798,35
DA:799,35
DA:800,35
DA:801,35
DA:802,35
DA:803,35
DA:804,16
DA:805,16
DA:806,16
DA:807,16
DA:808,35
DA:810,35
DA:811,35
DA:812,35
DA:813,35
DA:814,35
DA:815,35
DA:816,14
DA:817,14
DA:818,14
DA:819,14
DA:820,35
DA:821,35
DA:824,5
DA:825,5
DA:826,5
DA:827,5
DA:829,5
DA:830,5
DA:831,5
DA:832,5
DA:833,5
DA:834,5
BRDA:771,675,1,35
BRDA:774,59,0,35
BRDA:776,79,0,0
BRDA:776,79,1,35
BRDA:779,179,0,15
BRDA:779,179,1,35
BRDA:774,59,1,35
BRDA:786,210,0,35
BRDA:788,230,0,0
BRDA:788,230,1,35
BRDA:791,330,0,14
BRDA:791,330,1,35
BRDA:786,210,1,35
BRDA:798,361,0,35
BRDA:800,381,0,0
BRDA:800,381,1,35
BRDA:803,481,0,16
BRDA:803,481,1,35
BRDA:798,361,1,35
BRDA:810,512,0,35
BRDA:812,532,0,0
BRDA:812,532,1,35
BRDA:815,632,0,14
BRDA:815,632,1,35
BRDA:810,512,1,35
BRDA:771,675,0,5
BRDA:824,682,0,5
BRDA:824,682,1,0
BRDA:825,707,0,5
BRDA:825,707,1,0
BRDA:826,732,0,5
BRDA:826,732,1,0
BRDA:827,757,0,5
BRDA:827,757,1,0
BRDA:829,782,0,5
BRDA:829,786,0,5
BRDA:829,790,0,3
BRDA:829,794,0,3
BRDA:829,782,1,2
BRDA:829,786,1,2
BRDA:829,790,1,2
BRDA:829,794,1,2
FN:919,System.Boolean server.Services.MealPlan.MealPlanGenerator::IsNutritionSet(server.Core.EF.DTO.UserNutritionDTO)
FNDA:1,System.Boolean server.Services.MealPlan.MealPlanGenerator::IsNutritionSet(server.Core.EF.DTO.UserNutritionDTO)
DA:920,1
DA:922,1
DA:923,1
DA:924,1
DA:925,1
DA:927,1
DA:928,1
DA:929,1
DA:931,1
DA:932,1
DA:933,1
DA:935,1
DA:936,1
DA:937,1
DA:939,1
DA:940,1
DA:941,1
DA:943,1
DA:944,1
DA:945,1
DA:947,1
DA:948,1
DA:949,1
DA:951,1
DA:952,1
DA:953,1
DA:955,1
DA:956,1
DA:957,1
DA:959,1
DA:960,1
DA:961,1
DA:963,1
DA:964,1
DA:965,1
DA:967,1
DA:968,1
DA:969,1
DA:971,1
DA:972,1
DA:973,1
DA:975,1
DA:976,1
DA:977,1
DA:979,1
DA:980,1
DA:981,1
DA:983,1
DA:984,1
DA:985,1
DA:987,1
DA:988,1
DA:989,1
DA:991,1
DA:992,1
DA:993,1
DA:995,1
DA:996,1
DA:997,1
DA:999,1
DA:1000,1
DA:1001,1
DA:1003,1
DA:1004,1
DA:1005,1
DA:1007,1
DA:1008,1
DA:1009,1
DA:1011,1
DA:1012,1
DA:1013,1
DA:1015,1
DA:1016,1
DA:1017,1
DA:1019,1
DA:1020,1
DA:1021,1
DA:1023,1
DA:1024,1
DA:1025,1
DA:1027,1
DA:1028,1
DA:1029,1
DA:1031,1
DA:1032,1
DA:1033,1
DA:1035,1
DA:1036,1
DA:1037,1
DA:1039,1
DA:1040,1
DA:1041,1
DA:1043,1
DA:1044,1
BRDA:922,20,0,0
BRDA:922,20,1,1
BRDA:923,48,0,0
BRDA:923,48,1,1
BRDA:924,78,0,0
BRDA:924,78,1,1
BRDA:925,108,0,0
BRDA:925,108,1,1
BRDA:927,138,0,0
BRDA:927,138,1,1
BRDA:928,168,0,0
BRDA:928,168,1,1
BRDA:929,198,0,0
BRDA:929,198,1,1
BRDA:931,228,0,0
BRDA:931,228,1,1
BRDA:932,258,0,0
BRDA:932,258,1,1
BRDA:933,288,0,0
BRDA:933,288,1,1
BRDA:935,318,0,0
BRDA:935,318,1,1
BRDA:936,348,0,0
BRDA:936,348,1,1
BRDA:937,378,0,0
BRDA:937,378,1,1
BRDA:939,408,0,0
BRDA:939,408,1,1
BRDA:940,438,0,0
BRDA:940,438,1,1
BRDA:941,468,0,0
BRDA:941,468,1,1
BRDA:943,498,0,0
BRDA:943,498,1,1
BRDA:944,528,0,0
BRDA:944,528,1,1
BRDA:945,558,0,0
BRDA:945,558,1,1
BRDA:947,588,0,0
BRDA:947,588,1,1
BRDA:948,618,0,0
BRDA:948,618,1,1
BRDA:949,648,0,0
BRDA:949,648,1,1
BRDA:951,678,0,0
BRDA:951,678,1,1
BRDA:952,708,0,0
BRDA:952,708,1,1
BRDA:953,738,0,0
BRDA:953,738,1,1
BRDA:955,768,0,0
BRDA:955,768,1,1
BRDA:956,798,0,0
BRDA:956,798,1,1
BRDA:957,828,0,0
BRDA:957,828,1,1
BRDA:959,858,0,0
BRDA:959,858,1,1
BRDA:960,888,0,0
BRDA:960,888,1,1
BRDA:961,918,0,0
BRDA:961,918,1,1
BRDA:963,948,0,0
BRDA:963,948,1,1
BRDA:964,978,0,0
BRDA:964,978,1,1
BRDA:965,1008,0,0
BRDA:965,1008,1,1
BRDA:967,1038,0,0
BRDA:967,1038,1,1
BRDA:968,1068,0,0
BRDA:968,1068,1,1
BRDA:969,1098,0,0
BRDA:969,1098,1,1
BRDA:971,1128,0,0
BRDA:971,1128,1,1
BRDA:972,1158,0,0
BRDA:972,1158,1,1
BRDA:973,1188,0,0
BRDA:973,1188,1,1
BRDA:975,1218,0,0
BRDA:975,1218,1,1
BRDA:976,1248,0,0
BRDA:976,1248,1,1
BRDA:977,1278,0,0
BRDA:977,1278,1,1
BRDA:979,1308,0,0
BRDA:979,1308,1,1
BRDA:980,1338,0,0
BRDA:980,1338,1,1
BRDA:981,1368,0,0
BRDA:981,1368,1,1
BRDA:983,1398,0,0
BRDA:983,1398,1,1
BRDA:984,1428,0,0
BRDA:984,1428,1,1
BRDA:985,1458,0,0
BRDA:985,1458,1,1
BRDA:987,1488,0,0
BRDA:987,1488,1,1
BRDA:988,1518,0,0
BRDA:988,1518,1,1
BRDA:989,1548,0,0
BRDA:989,1548,1,1
BRDA:991,1578,0,0
BRDA:991,1578,1,1
BRDA:992,1608,0,0
BRDA:992,1608,1,1
BRDA:993,1638,0,0
BRDA:993,1638,1,1
BRDA:995,1668,0,0
BRDA:995,1668,1,1
BRDA:996,1698,0,0
BRDA:996,1698,1,1
BRDA:997,1728,0,0
BRDA:997,1728,1,1
BRDA:999,1758,0,0
BRDA:999,1758,1,1
BRDA:1000,1788,0,0
BRDA:1000,1788,1,1
BRDA:1001,1818,0,0
BRDA:1001,1818,1,1
BRDA:1003,1848,0,0
BRDA:1003,1848,1,1
BRDA:1004,1878,0,0
BRDA:1004,1878,1,1
BRDA:1005,1908,0,0
BRDA:1005,1908,1,1
BRDA:1007,1938,0,0
BRDA:1007,1938,1,1
BRDA:1008,1968,0,0
BRDA:1008,1968,1,1
BRDA:1009,1998,0,0
BRDA:1009,1998,1,1
BRDA:1011,2028,0,0
BRDA:1011,2028,1,1
BRDA:1012,2058,0,0
BRDA:1012,2058,1,1
BRDA:1013,2088,0,0
BRDA:1013,2088,1,1
BRDA:1015,2118,0,0
BRDA:1015,2118,1,1
BRDA:1016,2148,0,0
BRDA:1016,2148,1,1
BRDA:1017,2178,0,0
BRDA:1017,2178,1,1
BRDA:1019,2208,0,0
BRDA:1019,2208,1,1
BRDA:1020,2238,0,0
BRDA:1020,2238,1,1
BRDA:1021,2268,0,0
BRDA:1021,2268,1,1
BRDA:1023,2298,0,0
BRDA:1023,2298,1,1
BRDA:1024,2328,0,0
BRDA:1024,2328,1,1
BRDA:1025,2358,0,0
BRDA:1025,2358,1,1
BRDA:1027,2388,0,0
BRDA:1027,2388,1,1
BRDA:1028,2418,0,0
BRDA:1028,2418,1,1
BRDA:1029,2448,0,0
BRDA:1029,2448,1,1
BRDA:1031,2478,0,0
BRDA:1031,2478,1,1
BRDA:1032,2508,0,0
BRDA:1032,2508,1,1
BRDA:1033,2538,0,0
BRDA:1033,2538,1,1
BRDA:1035,2568,0,0
BRDA:1035,2568,1,1
BRDA:1036,2598,0,0
BRDA:1036,2598,1,1
BRDA:1037,2625,0,0
BRDA:1037,2625,1,1
BRDA:1039,2652,0,0
BRDA:1039,2652,1,1
BRDA:1040,2679,0,0
BRDA:1040,2679,1,1
BRDA:1041,2706,0,0
BRDA:1041,2706,1,1
FN:21,System.Void server.Services.MealPlan.MealPlanGenerator::.ctor(server.Core.EF.RepositoryInterfaces.IFoodItemRepository,server.Core.EF.RepositoryInterfaces.IMealRepository,server.Core.EF.RepositoryInterfaces.IRecipeRepository,server.Core.EF.RepositoryInterfaces.IUserRepository)
FNDA:1,System.Void server.Services.MealPlan.MealPlanGenerator::.ctor(server.Core.EF.RepositoryInterfaces.IFoodItemRepository,server.Core.EF.RepositoryInterfaces.IMealRepository,server.Core.EF.RepositoryInterfaces.IRecipeRepository,server.Core.EF.RepositoryInterfaces.IUserRepository)
DA:22,1
DA:23,1
DA:24,1
DA:25,1
DA:26,1
DA:27,1
DA:28,1
FN:13,System.Void server.Services.MealPlan.MealPlanGenerator::.cctor()
FNDA:1,System.Void server.Services.MealPlan.MealPlanGenerator::.cctor()
DA:14,1
DA:15,1
FN:899,System.Boolean server.Services.MealPlan.MealPlanGenerator/<>c__DisplayClass30_0::<OrderRecipesByRecency>b__0(server.Core.EF.DTO.RecipeAmountWithFoodItemsDTO)
FNDA:0,System.Boolean server.Services.MealPlan.MealPlanGenerator/<>c__DisplayClass30_0::<OrderRecipesByRecency>b__0(server.Core.EF.DTO.RecipeAmountWithFoodItemsDTO)
DA:900,0
FN:194,System.Void server.Services.MealPlan.MealPlanGenerator/<CalculateIdealIntake>d__11::MoveNext()
FNDA:1,System.Void server.Services.MealPlan.MealPlanGenerator/<CalculateIdealIntake>d__11::MoveNext()
DA:195,1
DA:197,1
DA:200,1
DA:201,1
DA:202,1
DA:203,1
DA:204,1
DA:205,1
DA:206,1
DA:207,1
DA:208,1
DA:209,1
DA:210,1
DA:211,1
DA:212,1
DA:213,1
DA:214,1
DA:215,1
DA:216,1
DA:217,1
DA:218,1
DA:219,1
DA:220,1
DA:221,1
DA:222,1
DA:223,1
DA:224,1
DA:225,1
DA:226,1
DA:227,1
DA:228,1
DA:229,1
DA:231,1
DA:232,1
FN:62,System.Void server.Services.MealPlan.MealPlanGenerator/<Create7DayMealPlan>d__8::MoveNext()
FNDA:6,System.Void server.Services.MealPlan.MealPlanGenerator/<Create7DayMealPlan>d__8::MoveNext()
DA:63,6
DA:66,6
DA:69,6
DA:70,6
DA:71,6
DA:74,6
DA:75,94
DA:76,89
DA:77,89
DA:78,89
DA:79,89
DA:80,1
DA:81,1
DA:82,1
DA:83,1
DA:84,1
DA:85,1
DA:86,1
DA:87,1
DA:88,1
DA:89,1
DA:91,88
DA:93,11
DA:94,10
DA:95,10
DA:96,5
DA:97,5
DA:98,5
DA:99,5
DA:100,3
DA:101,3
DA:102,3
DA:103,3
DA:104,3
DA:105,3
DA:106,3
DA:107,3
DA:108,3
DA:109,3
DA:111,2
DA:113,28
DA:114,22
DA:115,22
DA:116,22
DA:117,22
DA:118,1
DA:119,1
DA:120,1
DA:121,1
DA:122,1
DA:123,1
DA:124,1
DA:125,1
DA:126,1
DA:127,1
DA:129,21
DA:130,6
DA:132,1
DA:133,1
DA:134,1
DA:135,1
DA:136,1
DA:137,1
DA:138,1
DA:139,1
DA:140,1
DA:141,6
BRDA:70,227,0,0
BRDA:70,227,1,6
BRDA:75,437,1,89
BRDA:79,354,0,1
BRDA:79,354,1,88
BRDA:93,785,1,10
BRDA:95,469,0,5
BRDA:99,543,0,3
BRDA:99,543,1,2
BRDA:113,733,1,22
BRDA:117,663,0,1
BRDA:117,663,1,21
BRDA:95,469,1,28
BRDA:113,733,0,6
BRDA:75,437,0,11
BRDA:93,756,0,1
BRDA:93,756,1,10
BRDA:93,785,0,1
FN:414,System.Void server.Services.MealPlan.MealPlanGenerator/<CreateInitialMealPlan>d__19::MoveNext()
FNDA:6,System.Void server.Services.MealPlan.MealPlanGenerator/<CreateInitialMealPlan>d__19::MoveNext()
DA:415,6
DA:416,6
DA:419,96
DA:420,42
DA:421,42
DA:422,42
DA:423,42
DA:424,42
DA:426,42
DA:427,42
DA:428,42
DA:429,42
DA:432,42
DA:433,42
DA:434,42
DA:435,42
DA:438,42
DA:439,42
DA:440,42
DA:441,42
DA:442,42
DA:443,42
DA:446,42
DA:447,42
DA:450,42
DA:451,42
DA:453,42
DA:454,42
DA:456,42
DA:457,42
DA:458,42
DA:459,42
DA:460,42
DA:461,42
DA:463,42
DA:464,42
DA:467,42
DA:468,42
DA:470,42
DA:471,42
DA:473,42
DA:474,42
DA:475,42
DA:476,42
DA:477,42
DA:478,42
DA:480,42
DA:481,42
DA:483,42
DA:484,42
DA:486,42
DA:487,42
DA:489,42
DA:490,42
DA:491,42
DA:492,42
DA:493,42
DA:494,42
DA:496,42
DA:497,42
DA:500,42
DA:501,42
DA:503,6
DA:504,6
BRDA:419,3071,1,42
BRDA:432,1891,0,42
BRDA:435,1962,0,0
BRDA:435,1962,1,42
BRDA:432,1891,1,42
BRDA:450,2168,0,42
BRDA:454,2239,0,0
BRDA:454,2239,1,42
BRDA:450,2168,1,42
BRDA:467,2445,0,42
BRDA:471,2516,0,0
BRDA:471,2516,1,42
BRDA:467,2445,1,42
BRDA:483,2722,0,42
BRDA:487,2793,0,0
BRDA:487,2793,1,42
BRDA:483,2722,1,42
BRDA:419,3071,0,6
FN:559,System.Void server.Services.MealPlan.MealPlanGenerator/<CreatePlannedMeal>d__22::MoveNext()
FNDA:168,System.Void server.Services.MealPlan.MealPlanGenerator/<CreatePlannedMeal>d__22::MoveNext()
DA:560,168
DA:563,168
DA:564,0
DA:565,0
DA:566,0
DA:567,0
DA:568,0
DA:569,0
DA:570,0
DA:571,0
DA:572,0
DA:573,0
DA:574,0
DA:575,0
DA:576,0
DA:578,0
DA:579,0
DA:580,0
DA:581,0
DA:582,0
DA:583,0
DA:584,0
DA:585,0
DA:586,0
DA:587,0
DA:588,0
DA:590,168
DA:591,168
DA:592,168
DA:593,168
DA:594,168
DA:595,168
DA:596,168
DA:597,168
DA:598,168
DA:599,168
DA:600,168
DA:601,168
DA:604,168
DA:606,168
DA:607,168
BRDA:563,53,0,0
BRDA:567,665,1,0
BRDA:567,665,0,0
BRDA:563,53,1,168
BRDA:604,912,0,168
BRDA:604,912,1,0
FN:610,System.Void server.Services.MealPlan.MealPlanGenerator/<FailPlan>d__23::MoveNext()
FNDA:0,System.Void server.Services.MealPlan.MealPlanGenerator/<FailPlan>d__23::MoveNext()
DA:611,0
DA:612,0
DA:613,0
DA:614,0
FN:30,System.Void server.Services.MealPlan.MealPlanGenerator/<Generate7DayMealPlan>d__7::MoveNext()
FNDA:1,System.Void server.Services.MealPlan.MealPlanGenerator/<Generate7DayMealPlan>d__7::MoveNext()
DA:31,1
DA:32,1
DA:33,1
DA:34,1
DA:37,1
DA:39,1
DA:40,1
DA:41,1
DA:42,1
DA:44,1
DA:45,1
DA:48,1
DA:50,12
DA:51,6
DA:52,6
DA:53,7
DA:54,5
DA:55,5
DA:57,1
DA:58,1
DA:59,1
DA:60,1
BRDA:33,223,0,0
BRDA:33,223,1,1
BRDA:37,277,0,0
BRDA:37,277,1,1
BRDA:50,1055,1,6
BRDA:53,974,1,5
BRDA:54,990,0,0
BRDA:54,990,1,5
BRDA:54,1008,0,0
BRDA:54,1008,1,5
BRDA:53,974,0,1
BRDA:50,1055,0,1
BRDA:57,1072,0,1
BRDA:57,1072,1,0
BRDA:57,1095,0,0
BRDA:57,1095,1,1
FN:279,System.Void server.Services.MealPlan.MealPlanGenerator/<GetPreviousIntake>d__14::MoveNext()
FNDA:1,System.Void server.Services.MealPlan.MealPlanGenerator/<GetPreviousIntake>d__14::MoveNext()
DA:280,1
DA:281,1
DA:282,1
DA:283,1
DA:285,30
DA:286,14
DA:287,14
DA:289,14
DA:290,14
DA:292,14
DA:293,14
DA:295,0
DA:296,0
DA:297,0
DA:299,0
DA:300,0
DA:301,0
DA:302,0
DA:303,0
DA:304,0
DA:305,0
DA:306,0
DA:307,0
DA:308,0
DA:309,0
DA:310,0
DA:311,0
DA:312,0
DA:314,0
DA:315,0
DA:317,14
DA:318,14
DA:322,1
DA:323,1
BRDA:280,16,0,1
BRDA:285,1310,1,14
BRDA:289,250,0,14
BRDA:289,250,1,0
BRDA:280,16,1,0
BRDA:296,1202,1,0
BRDA:296,305,1,0
BRDA:296,305,2,0
BRDA:300,865,1,0
BRDA:303,803,1,0
BRDA:303,803,0,0
BRDA:300,865,0,0
BRDA:296,305,3,0
BRDA:309,1133,1,0
BRDA:309,1133,0,0
BRDA:296,305,0,0
BRDA:296,1202,0,0
BRDA:285,1310,0,1
FN:374,System.Void server.Services.MealPlan.MealPlanGenerator/<GetSavedRecipes>d__17::MoveNext()
FNDA:1,System.Void server.Services.MealPlan.MealPlanGenerator/<GetSavedRecipes>d__17::MoveNext()
DA:375,1
DA:376,1
DA:377,137
DA:378,67
DA:379,67
DA:380,67
DA:381,67
DA:382,67
DA:383,67
DA:384,67
DA:385,67
DA:386,67
DA:387,67
DA:389,67
DA:390,67
DA:391,1
DA:392,1
BRDA:377,518,1,67
BRDA:380,248,0,0
BRDA:380,248,1,67
BRDA:377,518,0,1
FN:848,System.Void server.Services.MealPlan.MealPlanGenerator/<InsertMeal>d__29::MoveNext()
FNDA:28,System.Void server.Services.MealPlan.MealPlanGenerator/<InsertMeal>d__29::MoveNext()
DA:849,28
DA:850,28
DA:851,28
DA:852,28
DA:853,28
DA:854,28
DA:855,28
DA:856,28
DA:857,28
DA:858,28
DA:862,28
DA:863,140
DA:864,28
DA:865,28
DA:866,28
DA:867,28
DA:868,28
DA:869,28
DA:870,28
DA:871,28
DA:872,28
DA:873,28
DA:875,28
DA:876,28
DA:877,28
DA:878,28
DA:879,28
DA:880,28
DA:881,28
DA:882,28
BRDA:863,463,1,28
BRDA:863,463,0,28
BRDA:881,689,0,0
BRDA:881,689,1,28
FN:836,System.Void server.Services.MealPlan.MealPlanGenerator/<InsertPlan>d__28::MoveNext()
FNDA:1,System.Void server.Services.MealPlan.MealPlanGenerator/<InsertPlan>d__28::MoveNext()
DA:837,1
DA:838,17
DA:839,7
DA:840,14
DA:841,14
DA:842,14
DA:843,14
DA:844,7
DA:845,1
DA:846,1
BRDA:838,665,1,7
BRDA:840,123,0,7
BRDA:840,123,1,7
BRDA:841,256,0,7
BRDA:841,256,1,7
BRDA:842,392,0,7
BRDA:842,392,1,7
BRDA:843,528,0,7
BRDA:843,528,1,7
BRDA:838,665,0,1
FN:884,System.Void server.Services.MealPlan.MealPlanGenerator/<OrderRecipesByRecency>d__30::MoveNext()
FNDA:1,System.Void server.Services.MealPlan.MealPlanGenerator/<OrderRecipesByRecency>d__30::MoveNext()
DA:885,1
DA:887,1
DA:889,1
DA:892,62
DA:893,30
DA:894,30
DA:895,30
DA:896,90
DA:897,0
DA:898,0
DA:899,0
DA:901,0
DA:902,0
DA:903,0
DA:904,0
DA:905,0
DA:906,0
DA:907,0
DA:908,30
DA:910,137
DA:911,67
DA:912,67
DA:914,1
DA:915,1
DA:916,1
DA:917,1
BRDA:892,754,1,30
BRDA:896,676,1,0
BRDA:898,618,1,0
BRDA:901,523,0,0
BRDA:901,523,1,0
BRDA:901,552,0,0
BRDA:901,552,1,0
BRDA:898,618,0,0
BRDA:896,676,0,30
BRDA:892,754,0,1
BRDA:910,858,1,67
BRDA:911,820,0,67
BRDA:911,820,1,67
BRDA:910,858,0,1
LF:807
LH:745
BRF:459
BRH:292
FNF:28
FNH:26
end_of_record
SF:/Users/adrian/Documents/ITU/6_Semester/BachelorProjekt/NourishNexus/server/Services/MealPlanAlgorithm/NutrientTargets.cs
FN:4,System.Single server.Services.MealPlan.NutrientTargets::get_Protein()
FNDA:560137,System.Single server.Services.MealPlan.NutrientTargets::get_Protein()
DA:5,560137
FN:7,System.Single server.Services.MealPlan.NutrientTargets::get_Carbohydrates()
FNDA:563241,System.Single server.Services.MealPlan.NutrientTargets::get_Carbohydrates()
DA:8,563241
FN:8,System.Single server.Services.MealPlan.NutrientTargets::get_Sugars()
FNDA:560079,System.Single server.Services.MealPlan.NutrientTargets::get_Sugars()
DA:9,560079
FN:9,System.Single server.Services.MealPlan.NutrientTargets::get_Fibres()
FNDA:561199,System.Single server.Services.MealPlan.NutrientTargets::get_Fibres()
DA:10,561199
FN:12,System.Single server.Services.MealPlan.NutrientTargets::get_TotalFat()
FNDA:560471,System.Single server.Services.MealPlan.NutrientTargets::get_TotalFat()
DA:13,560471
FN:13,System.Single server.Services.MealPlan.NutrientTargets::get_SaturatedFat()
FNDA:560079,System.Single server.Services.MealPlan.NutrientTargets::get_SaturatedFat()
DA:14,560079
FN:14,System.Single server.Services.MealPlan.NutrientTargets::get_MonounsaturatedFat()
FNDA:561739,System.Single server.Services.MealPlan.NutrientTargets::get_MonounsaturatedFat()
DA:15,561739
FN:15,System.Single server.Services.MealPlan.NutrientTargets::get_PolyunsaturatedFat()
FNDA:562551,System.Single server.Services.MealPlan.NutrientTargets::get_PolyunsaturatedFat()
DA:16,562551
FN:16,System.Single server.Services.MealPlan.NutrientTargets::get_TransFat()
FNDA:560059,System.Single server.Services.MealPlan.NutrientTargets::get_TransFat()
DA:17,560059
FN:19,System.Single server.Services.MealPlan.NutrientTargets::get_VitaminA()
FNDA:562439,System.Single server.Services.MealPlan.NutrientTargets::get_VitaminA()
DA:20,562439
FN:20,System.Single server.Services.MealPlan.NutrientTargets::get_VitaminB6()
FNDA:560059,System.Single server.Services.MealPlan.NutrientTargets::get_VitaminB6()
DA:21,560059
FN:21,System.Single server.Services.MealPlan.NutrientTargets::get_VitaminB12()
FNDA:560059,System.Single server.Services.MealPlan.NutrientTargets::get_VitaminB12()
DA:22,560059
FN:22,System.Single server.Services.MealPlan.NutrientTargets::get_VitaminC()
FNDA:560199,System.Single server.Services.MealPlan.NutrientTargets::get_VitaminC()
DA:23,560199
FN:23,System.Single server.Services.MealPlan.NutrientTargets::get_VitaminD()
FNDA:562467,System.Single server.Services.MealPlan.NutrientTargets::get_VitaminD()
DA:24,562467
FN:24,System.Single server.Services.MealPlan.NutrientTargets::get_VitaminE()
FNDA:560059,System.Single server.Services.MealPlan.NutrientTargets::get_VitaminE()
DA:25,560059
FN:25,System.Single server.Services.MealPlan.NutrientTargets::get_Thiamin()
FNDA:560059,System.Single server.Services.MealPlan.NutrientTargets::get_Thiamin()
DA:26,560059
FN:26,System.Single server.Services.MealPlan.NutrientTargets::get_Riboflavin()
FNDA:561683,System.Single server.Services.MealPlan.NutrientTargets::get_Riboflavin()
DA:27,561683
FN:27,System.Single server.Services.MealPlan.NutrientTargets::get_Niacin()
[...]
FNDA:4,System.Nullable`1<System.Single> server.Core.EF.DTO.UserNutritionDTO::get_PhosphorusII()
DA:306,4
FN:306,System.Nullable`1<System.Single> server.Core.EF.DTO.UserNutritionDTO::get_PhosphorusUB()
FNDA:4,System.Nullable`1<System.Single> server.Core.EF.DTO.UserNutritionDTO::get_PhosphorusUB()
DA:307,4
FN:308,System.Nullable`1<System.Single> server.Core.EF.DTO.UserNutritionDTO::get_CopperLB()
FNDA:4,System.Nullable`1<System.Single> server.Core.EF.DTO.UserNutritionDTO::get_CopperLB()
DA:309,4
FN:309,System.Nullable`1<System.Single> server.Core.EF.DTO.UserNutritionDTO::get_CopperII()
FNDA:4,System.Nullable`1<System.Single> server.Core.EF.DTO.UserNutritionDTO::get_CopperII()
DA:310,4
FN:310,System.Nullable`1<System.Single> server.Core.EF.DTO.UserNutritionDTO::get_CopperUB()
FNDA:4,System.Nullable`1<System.Single> server.Core.EF.DTO.UserNutritionDTO::get_CopperUB()
DA:311,4
FN:312,System.Nullable`1<System.Single> server.Core.EF.DTO.UserNutritionDTO::get_IodineLB()
FNDA:4,System.Nullable`1<System.Single> server.Core.EF.DTO.UserNutritionDTO::get_IodineLB()
DA:313,4
FN:313,System.Nullable`1<System.Single> server.Core.EF.DTO.UserNutritionDTO::get_IodineII()
FNDA:4,System.Nullable`1<System.Single> server.Core.EF.DTO.UserNutritionDTO::get_IodineII()
DA:314,4
FN:314,System.Nullable`1<System.Single> server.Core.EF.DTO.UserNutritionDTO::get_IodineUB()
FNDA:4,System.Nullable`1<System.Single> server.Core.EF.DTO.UserNutritionDTO::get_IodineUB()
DA:315,4
FN:316,System.Nullable`1<System.Single> server.Core.EF.DTO.UserNutritionDTO::get_SeleniumLB()
FNDA:4,System.Nullable`1<System.Single> server.Core.EF.DTO.UserNutritionDTO::get_SeleniumLB()
DA:317,4
FN:317,System.Nullable`1<System.Single> server.Core.EF.DTO.UserNutritionDTO::get_SeleniumII()
FNDA:4,System.Nullable`1<System.Single> server.Core.EF.DTO.UserNutritionDTO::get_SeleniumII()
DA:318,4
FN:318,System.Nullable`1<System.Single> server.Core.EF.DTO.UserNutritionDTO::get_SeleniumUB()
FNDA:4,System.Nullable`1<System.Single> server.Core.EF.DTO.UserNutritionDTO::get_SeleniumUB()
DA:319,4
FN:320,System.Nullable`1<System.Single> server.Core.EF.DTO.UserNutritionDTO::get_CalciumLB()
FNDA:4,System.Nullable`1<System.Single> server.Core.EF.DTO.UserNutritionDTO::get_CalciumLB()
DA:321,4
FN:321,System.Nullable`1<System.Single> server.Core.EF.DTO.UserNutritionDTO::get_CalciumII()
FNDA:4,System.Nullable`1<System.Single> server.Core.EF.DTO.UserNutritionDTO::get_CalciumII()
DA:322,4
FN:322,System.Nullable`1<System.Single> server.Core.EF.DTO.UserNutritionDTO::get_CalciumUB()
FNDA:4,System.Nullable`1<System.Single> server.Core.EF.DTO.UserNutritionDTO::get_CalciumUB()
DA:323,4
LF:221
LH:209
BRF:0
BRH:0
FNF:214
FNH:206
end_of_record
SF:/Users/adrian/Documents/ITU/6_Semester/BachelorProjekt/NourishNexus/server/Controllers/AuthController.cs
FN:43,System.Boolean server.Controllers.AuthController::VerifyPassword(System.String,System.Byte[],System.Byte[])
FNDA:0,System.Boolean server.Controllers.AuthController::VerifyPassword(System.String,System.Byte[],System.Byte[])
DA:44,0
DA:45,0
DA:46,0
DA:47,0
DA:48,0
DA:49,0
DA:51,0
FN:53,System.String server.Controllers.AuthController::CreateToken(server.Core.EF.DTO.UserDTO)
FNDA:0,System.String server.Controllers.AuthController::CreateToken(server.Core.EF.DTO.UserDTO)
DA:54,0
DA:55,0
DA:56,0
DA:57,0
DA:58,0
DA:59,0
DA:60,0
DA:62,0
DA:63,0
DA:64,0
DA:65,0
DA:66,0
DA:67,0
DA:68,0
DA:70,0
DA:71,0
DA:72,0
DA:73,0
DA:74,0
DA:75,0
DA:76,0
DA:77,0
DA:78,0
DA:79,0
BRDA:62,112,0,0
BRDA:62,112,1,0
FN:15,System.Void server.Controllers.AuthController::.ctor(Microsoft.Extensions.Logging.ILogger`1<server.Controllers.AuthController>,server.Core.EF.RepositoryInterfaces.IUserRepository,Microsoft.Extensions.Configuration.IConfiguration)
FNDA:0,System.Void server.Controllers.AuthController::.ctor(Microsoft.Extensions.Logging.ILogger`1<server.Controllers.AuthController>,server.Core.EF.RepositoryInterfaces.IUserRepository,Microsoft.Extensions.Configuration.IConfiguration)
DA:16,0
DA:17,0
DA:18,0
DA:19,0
DA:20,0
DA:21,0
FN:25,System.Void server.Controllers.AuthController/<Login>d__4::MoveNext()
FNDA:0,System.Void server.Controllers.AuthController/<Login>d__4::MoveNext()
DA:26,0
DA:27,0
DA:28,0
DA:29,0
DA:30,0
DA:31,0
DA:32,0
BRDA:27,164,0,0
BRDA:27,164,1,0
FN:34,System.Void server.Controllers.AuthController/<VerifyCredentials>d__5::MoveNext()
FNDA:0,System.Void server.Controllers.AuthController/<VerifyCredentials>d__5::MoveNext()
DA:35,0
DA:36,0
DA:37,0
DA:38,0
DA:40,0
DA:41,0
BRDA:37,176,0,0
BRDA:37,176,1,0
LF:50
LH:0
BRF:6
BRH:0
FNF:5
FNH:0
end_of_record
SF:/Users/adrian/Documents/ITU/6_Semester/BachelorProjekt/NourishNexus/server/Controllers/CategoryController.cs
FN:9,System.Void server.Controllers.CategoryController::.ctor(Microsoft.Extensions.Logging.ILogger`1<server.Controllers.CategoryController>,server.Core.EF.RepositoryInterfaces.ICategoryRepository)
FNDA:0,System.Void server.Controllers.CategoryController::.ctor(Microsoft.Extensions.Logging.ILogger`1<server.Controllers.CategoryController>,server.Core.EF.RepositoryInterfaces.ICategoryRepository)
DA:10,0
DA:11,0
DA:12,0
DA:13,0
DA:14,0
FN:34,System.Void server.Controllers.CategoryController/<GetAllCategories>d__4::MoveNext()
FNDA:0,System.Void server.Controllers.CategoryController/<GetAllCategories>d__4::MoveNext()
DA:35,0
DA:37,0
DA:38,0
DA:39,0
DA:41,0
DA:42,0
DA:43,0
DA:44,0
DA:46,0
BRDA:39,167,0,0
BRDA:39,167,1,0
FN:51,System.Void server.Controllers.CategoryController/<GetCategoryById>d__5::MoveNext()
FNDA:0,System.Void server.Controllers.CategoryController/<GetCategoryById>d__5::MoveNext()
DA:52,0
DA:54,0
DA:55,0
DA:57,0
DA:58,0
DA:60,0
DA:61,0
DA:62,0
DA:64,0
BRDA:57,180,0,0
BRDA:57,180,1,0
FN:17,System.Void server.Controllers.CategoryController/<Post>d__3::MoveNext()
FNDA:0,System.Void server.Controllers.CategoryController/<Post>d__3::MoveNext()
DA:18,0
DA:20,0
DA:21,0
DA:22,0
DA:23,0
DA:24,0
DA:26,0
DA:27,0
DA:28,0
DA:30,0
BRDA:22,224,0,0
BRDA:22,224,1,0
BRDA:23,258,0,0
BRDA:23,258,1,0
LF:33
LH:0
BRF:8
BRH:0
FNF:4
FNH:0
end_of_record
SF:/Users/adrian/Documents/ITU/6_Semester/BachelorProjekt/NourishNexus/server/Controllers/FoodItemController.cs
FN:9,System.Void server.Controllers.FoodItemController::.ctor(Microsoft.Extensions.Logging.ILogger`1<server.Controllers.FoodItemController>,server.Core.EF.RepositoryInterfaces.IFoodItemRepository)
FNDA:0,System.Void server.Controllers.FoodItemController::.ctor(Microsoft.Extensions.Logging.ILogger`1<server.Controllers.FoodItemController>,server.Core.EF.RepositoryInterfaces.IFoodItemRepository)
DA:10,0
DA:11,0
DA:12,0
DA:13,0
DA:14,0
FN:34,System.Void server.Controllers.FoodItemController/<Get>d__4::MoveNext()
FNDA:0,System.Void server.Controllers.FoodItemController/<Get>d__4::MoveNext()
DA:35,0
DA:37,0
DA:38,0
DA:40,0
DA:41,0
DA:43,0
DA:44,0
DA:45,0
DA:47,0
BRDA:40,180,0,0
BRDA:40,180,1,0
FN:64,System.Void server.Controllers.FoodItemController/<GetByMeal>d__6::MoveNext()
FNDA:0,System.Void server.Controllers.FoodItemController/<GetByMeal>d__6::MoveNext()
DA:65,0
DA:67,0
DA:68,0
DA:69,0
DA:71,0
DA:72,0
DA:73,0
DA:75,0
FN:50,System.Void server.Controllers.FoodItemController/<GetByRecipe>d__5::MoveNext()
FNDA:0,System.Void server.Controllers.FoodItemController/<GetByRecipe>d__5::MoveNext()
DA:51,0
DA:53,0
DA:54,0
DA:55,0
DA:57,0
DA:58,0
DA:59,0
DA:61,0
FN:78,System.Void server.Controllers.FoodItemController/<GetBySearchWord>d__7::MoveNext()
FNDA:0,System.Void server.Controllers.FoodItemController/<GetBySearchWord>d__7::MoveNext()
DA:79,0
DA:81,0
DA:82,0
DA:83,0
DA:85,0
DA:86,0
DA:87,0
DA:88,0
DA:90,0
FN:17,System.Void server.Controllers.FoodItemController/<SetFoodItemsInRecipe>d__3::MoveNext()
FNDA:0,System.Void server.Controllers.FoodItemController/<SetFoodItemsInRecipe>d__3::MoveNext()
DA:18,0
DA:20,0
DA:21,0
DA:22,0
DA:23,0
DA:25,0
DA:26,0
DA:27,0
DA:28,0
DA:30,0
BRDA:22,172,0,0
BRDA:22,172,1,0
LF:49
LH:0
BRF:4
BRH:0
FNF:6
FNH:0
end_of_record
SF:/Users/adrian/Documents/ITU/6_Semester/BachelorProjekt/NourishNexus/server/Controllers/MealController.cs
FN:14,System.Void server.Controllers.MealController::.ctor(Microsoft.Extensions.Logging.ILogger`1<server.Controllers.MealController>,server.Core.EF.RepositoryInterfaces.IMealRepository,server.Services.IMealService)
FNDA:0,System.Void server.Controllers.MealController::.ctor(Microsoft.Extensions.Logging.ILogger`1<server.Controllers.MealController>,server.Core.EF.RepositoryInterfaces.IMealRepository,server.Services.IMealService)
DA:15,0
DA:16,0
DA:17,0
DA:18,0
DA:19,0
DA:20,0
FN:59,System.Void server.Controllers.MealController/<GetById>d__6::MoveNext()
FNDA:0,System.Void server.Controllers.MealController/<GetById>d__6::MoveNext()
DA:60,0
DA:62,0
DA:63,0
DA:64,0
DA:65,0
DA:67,0
DA:68,0
DA:69,0
DA:70,0
DA:72,0
BRDA:64,180,0,0
BRDA:64,180,1,0
FN:90,System.Void server.Controllers.MealController/<GetByUserAndDate>d__8::MoveNext()
FNDA:0,System.Void server.Controllers.MealController/<GetByUserAndDate>d__8::MoveNext()
DA:91,0
DA:93,0
DA:94,0
DA:95,0
DA:97,0
DA:98,0
DA:99,0
DA:100,0
DA:102,0
FN:75,System.Void server.Controllers.MealController/<GetWithFoodByUserAndDate>d__7::MoveNext()
FNDA:0,System.Void server.Controllers.MealController/<GetWithFoodByUserAndDate>d__7::MoveNext()
DA:76,0
DA:78,0
DA:79,0
DA:80,0
DA:82,0
DA:83,0
DA:84,0
DA:85,0
DA:87,0
FN:23,System.Void server.Controllers.MealController/<Post>d__4::MoveNext()
FNDA:0,System.Void server.Controllers.MealController/<Post>d__4::MoveNext()
DA:24,0
DA:26,0
DA:27,0
DA:28,0
DA:29,0
DA:30,0
DA:31,0
DA:32,0
DA:34,0
DA:35,0
DA:36,0
DA:37,0
DA:39,0
BRDA:28,224,0,0
BRDA:28,224,1,0
BRDA:29,256,0,0
BRDA:29,256,1,0
BRDA:30,288,0,0
BRDA:30,288,1,0
BRDA:31,320,0,0
BRDA:31,320,1,0
FN:43,System.Void server.Controllers.MealController/<Put>d__5::MoveNext()
FNDA:0,System.Void server.Controllers.MealController/<Put>d__5::MoveNext()
DA:44,0
DA:46,0
DA:47,0
DA:48,0
DA:49,0
DA:51,0
DA:52,0
DA:53,0
DA:54,0
DA:56,0
BRDA:48,166,0,0
BRDA:48,166,1,0
LF:57
LH:0
BRF:12
BRH:0
FNF:6
FNH:0
end_of_record
SF:/Users/adrian/Documents/ITU/6_Semester/BachelorProjekt/NourishNexus/server/Controllers/PlanningController.cs
FN:13,System.Void server.Controllers.PlanningController::.ctor(Microsoft.Extensions.Logging.ILogger`1<server.Controllers.PlanningController>,server.Services.MealPlan.MealPlanGenerator,server.Services.MealPlan.IntakeTargetCalculator,server.Core.EF.RepositoryInterfaces.IUserRepository)
FNDA:0,System.Void server.Controllers.PlanningController::.ctor(Microsoft.Extensions.Logging.ILogger`1<server.Controllers.PlanningController>,server.Services.MealPlan.MealPlanGenerator,server.Services.MealPlan.IntakeTargetCalculator,server.Core.EF.RepositoryInterfaces.IUserRepository)
DA:14,0
DA:15,0
DA:16,0
DA:17,0
DA:18,0
DA:19,0
DA:20,0
FN:23,System.Void server.Controllers.PlanningController/<Generate7DayMealPlan>d__5::MoveNext()
FNDA:0,System.Void server.Controllers.PlanningController/<Generate7DayMealPlan>d__5::MoveNext()
DA:24,0
DA:26,0
DA:27,0
DA:28,0
DA:30,0
DA:31,0
DA:32,0
DA:33,0
DA:35,0
FN:38,System.Void server.Controllers.PlanningController/<SetIntakeTargets>d__6::MoveNext()
FNDA:0,System.Void server.Controllers.PlanningController/<SetIntakeTargets>d__6::MoveNext()
DA:39,0
DA:41,0
DA:42,0
DA:44,0
DA:45,0
DA:46,0
DA:47,0
DA:48,0
DA:49,0
DA:50,0
DA:51,0
DA:52,0
DA:53,0
DA:54,0
DA:55,0
DA:56,0
DA:57,0
DA:58,0
DA:59,0
DA:60,0
DA:61,0
DA:62,0
DA:63,0
DA:64,0
DA:65,0
DA:66,0
DA:67,0
DA:68,0
DA:69,0
DA:70,0
DA:71,0
DA:72,0
DA:73,0
DA:74,0
DA:75,0
DA:76,0
DA:77,0
DA:78,0
DA:79,0
DA:80,0
DA:81,0
DA:82,0
DA:83,0
DA:84,0
DA:85,0
DA:86,0
DA:87,0
DA:88,0
DA:89,0
DA:90,0
DA:91,0
DA:92,0
DA:93,0
DA:94,0
DA:95,0
DA:96,0
DA:97,0
DA:98,0
DA:99,0
DA:100,0
DA:101,0
DA:102,0
DA:103,0
DA:104,0
DA:105,0
DA:106,0
DA:107,0
DA:108,0
DA:109,0
DA:110,0
DA:111,0
DA:112,0
DA:113,0
DA:114,0
DA:115,0
DA:116,0
DA:117,0
DA:118,0
DA:119,0
DA:120,0
DA:121,0
DA:122,0
DA:123,0
DA:124,0
DA:125,0
DA:126,0
DA:127,0
DA:128,0
DA:129,0
DA:130,0
DA:131,0
DA:132,0
DA:133,0
DA:134,0
DA:135,0
DA:136,0
DA:137,0
DA:138,0
DA:139,0
DA:140,0
DA:141,0
DA:142,0
DA:143,0
DA:144,0
DA:145,0
DA:146,0
DA:147,0
DA:148,0
DA:149,0
DA:150,0
DA:151,0
DA:152,0
DA:153,0
DA:154,0
DA:155,0
DA:156,0
DA:157,0
DA:158,0
DA:159,0
DA:160,0
DA:161,0
DA:162,0
DA:163,0
DA:164,0
DA:165,0
DA:166,0
DA:167,0
DA:169,0
DA:171,0
DA:173,0
DA:174,0
DA:175,0
DA:176,0
DA:178,0
LF:150
LH:0
BRF:0
BRH:0
FNF:3
FNH:0
end_of_record
SF:/Users/adrian/Documents/ITU/6_Semester/BachelorProjekt/NourishNexus/server/Controllers/RecipeController.cs
FN:10,System.Void server.Controllers.RecipeController::.ctor(Microsoft.Extensions.Logging.ILogger`1<server.Controllers.RecipeController>,server.Core.EF.RepositoryInterfaces.IRecipeRepository,server.Core.EF.RepositoryInterfaces.IUserRepository)
FNDA:0,System.Void server.Controllers.RecipeController::.ctor(Microsoft.Extensions.Logging.ILogger`1<server.Controllers.RecipeController>,server.Core.EF.RepositoryInterfaces.IRecipeRepository,server.Core.EF.RepositoryInterfaces.IUserRepository)
DA:11,0
DA:12,0
DA:13,0
DA:14,0
DA:15,0
DA:16,0
FN:78,System.Void server.Controllers.RecipeController/<DeleteRecipe>d__6::MoveNext()
FNDA:0,System.Void server.Controllers.RecipeController/<DeleteRecipe>d__6::MoveNext()
DA:79,0
DA:80,0
DA:81,0
DA:82,0
DA:83,0
DA:84,0
DA:85,0
DA:86,0
DA:88,0
DA:89,0
DA:90,0
DA:91,0
DA:93,0
BRDA:82,166,0,0
BRDA:82,166,1,0
BRDA:83,203,0,0
BRDA:83,203,1,0
BRDA:84,240,0,0
BRDA:84,240,1,0
BRDA:85,277,0,0
BRDA:85,277,1,0
FN:158,System.Void server.Controllers.RecipeController/<GetAllPublicRecipes>d__10::MoveNext()
FNDA:0,System.Void server.Controllers.RecipeController/<GetAllPublicRecipes>d__10::MoveNext()
DA:159,0
DA:161,0
DA:162,0
DA:163,0
DA:165,0
DA:166,0
DA:167,0
DA:168,0
DA:170,0
BRDA:163,167,0,0
BRDA:163,167,1,0
FN:188,System.Void server.Controllers.RecipeController/<GetPublicBySearchWord>d__12::MoveNext()
FNDA:0,System.Void server.Controllers.RecipeController/<GetPublicBySearchWord>d__12::MoveNext()
DA:189,0
DA:191,0
DA:192,0
DA:193,0
DA:195,0
DA:196,0
DA:197,0
DA:198,0
DA:200,0
FN:99,System.Void server.Controllers.RecipeController/<GetRecipeById>d__7::MoveNext()
FNDA:0,System.Void server.Controllers.RecipeController/<GetRecipeById>d__7::MoveNext()
DA:100,0
DA:102,0
DA:103,0
DA:105,0
DA:106,0
DA:108,0
DA:109,0
DA:110,0
DA:111,0
DA:113,0
BRDA:105,180,0,0
BRDA:105,180,1,0
FN:133,System.Void server.Controllers.RecipeController/<GetRecipesByIDs>d__9::MoveNext()
FNDA:0,System.Void server.Controllers.RecipeController/<GetRecipesByIDs>d__9::MoveNext()
DA:134,0
DA:136,0
DA:137,0
DA:138,0
DA:139,0
DA:140,0
DA:141,0
DA:142,0
DA:143,0
DA:144,0
DA:145,0
DA:146,0
DA:148,0
DA:149,0
DA:150,0
DA:151,0
DA:153,0
BRDA:138,291,1,0
BRDA:141,240,0,0
BRDA:141,240,1,0
BRDA:138,291,0,0
FN:117,System.Void server.Controllers.RecipeController/<GetRecipesByMealID>d__8::MoveNext()
FNDA:0,System.Void server.Controllers.RecipeController/<GetRecipesByMealID>d__8::MoveNext()
DA:118,0
DA:120,0
DA:121,0
DA:122,0
DA:124,0
DA:125,0
DA:126,0
DA:127,0
DA:129,0
BRDA:122,173,0,0
BRDA:122,173,1,0
FN:173,System.Void server.Controllers.RecipeController/<GetSavedBySearchWord>d__11::MoveNext()
FNDA:0,System.Void server.Controllers.RecipeController/<GetSavedBySearchWord>d__11::MoveNext()
DA:174,0
DA:176,0
DA:177,0
DA:178,0
DA:180,0
DA:181,0
DA:182,0
DA:183,0
DA:185,0
FN:22,System.Void server.Controllers.RecipeController/<Post>d__4::MoveNext()
FNDA:0,System.Void server.Controllers.RecipeController/<Post>d__4::MoveNext()
DA:23,0
DA:25,0
DA:26,0
DA:27,0
DA:28,0
DA:29,0
DA:31,0
DA:32,0
DA:33,0
DA:34,0
DA:35,0
DA:36,0
DA:37,0
DA:38,0
DA:39,0
DA:40,0
DA:41,0
DA:42,0
DA:43,0
DA:44,0
DA:46,0
DA:47,0
DA:48,0
DA:49,0
DA:51,0
BRDA:27,250,0,0
BRDA:27,250,1,0
BRDA:28,287,0,0
BRDA:28,287,1,0
BRDA:29,324,0,0
BRDA:29,324,1,0
BRDA:32,512,0,0
BRDA:32,512,1,0
BRDA:43,786,0,0
BRDA:43,786,1,0
FN:57,System.Void server.Controllers.RecipeController/<Put>d__5::MoveNext()
FNDA:0,System.Void server.Controllers.RecipeController/<Put>d__5::MoveNext()
DA:58,0
DA:60,0
DA:61,0
DA:62,0
DA:63,0
DA:64,0
DA:65,0
DA:66,0
DA:68,0
DA:69,0
DA:70,0
DA:71,0
DA:73,0
BRDA:62,166,0,0
BRDA:62,166,1,0
BRDA:63,203,0,0
BRDA:63,203,1,0
BRDA:64,240,0,0
BRDA:64,240,1,0
BRDA:65,277,0,0
BRDA:65,277,1,0
LF:120
LH:0
BRF:36
BRH:0
FNF:10
FNH:0
end_of_record
SF:/Users/adrian/Documents/ITU/6_Semester/BachelorProjekt/NourishNexus/server/Controllers/SeedingController.cs
FN:36,Microsoft.AspNetCore.Mvc.IActionResult server.Controllers.SeedingController::SeedRecipes()
FNDA:0,Microsoft.AspNetCore.Mvc.IActionResult server.Controllers.SeedingController::SeedRecipes()
DA:37,0
DA:39,0
DA:40,0
DA:41,0
DA:43,0
DA:44,0
DA:45,0
DA:46,0
DA:48,0
FN:51,Microsoft.AspNetCore.Mvc.IActionResult server.Controllers.SeedingController::ClearFoodItemsAndRecipes()
FNDA:0,Microsoft.AspNetCore.Mvc.IActionResult server.Controllers.SeedingController::ClearFoodItemsAndRecipes()
DA:52,0
DA:54,0
DA:55,0
DA:56,0
DA:58,0
DA:59,0
DA:60,0
DA:61,0
DA:63,0
FN:11,System.Void server.Controllers.SeedingController::.ctor(Microsoft.Extensions.Logging.ILogger`1<server.Controllers.SeedingController>,server.Services.FoodItemSeeding)
FNDA:0,System.Void server.Controllers.SeedingController::.ctor(Microsoft.Extensions.Logging.ILogger`1<server.Controllers.SeedingController>,server.Services.FoodItemSeeding)
DA:12,0
DA:13,0
DA:14,0
DA:15,0
DA:16,0
FN:19,System.Void server.Controllers.SeedingController/<SeedFoodItems>d__3::MoveNext()
FNDA:0,System.Void server.Controllers.SeedingController/<SeedFoodItems>d__3::MoveNext()
DA:20,0
DA:22,0
DA:23,0
DA:24,0
DA:25,0
DA:27,0
DA:28,0
DA:29,0
DA:30,0
DA:33,0
BRDA:24,160,0,0
BRDA:24,160,1,0
LF:33
LH:0
BRF:2
BRH:0
FNF:4
FNH:0
end_of_record
SF:/Users/adrian/Documents/ITU/6_Semester/BachelorProjekt/NourishNexus/server/Controllers/UserController.cs
FN:22,System.Void server.Controllers.UserController::.ctor(Microsoft.Extensions.Logging.ILogger`1<server.Controllers.UserController>,server.Core.EF.RepositoryInterfaces.IUserRepository,Microsoft.Extensions.Configuration.IConfiguration)
FNDA:0,System.Void server.Controllers.UserController::.ctor(Microsoft.Extensions.Logging.ILogger`1<server.Controllers.UserController>,server.Core.EF.RepositoryInterfaces.IUserRepository,Microsoft.Extensions.Configuration.IConfiguration)
DA:23,0
DA:24,0
DA:25,0
DA:26,0
DA:27,0
DA:28,0
FN:75,System.Void server.Controllers.UserController/<DeleteUser>d__6::MoveNext()
FNDA:0,System.Void server.Controllers.UserController/<DeleteUser>d__6::MoveNext()
DA:76,0
DA:77,0
DA:78,0
DA:79,0
DA:80,0
DA:81,0
DA:82,0
DA:84,0
DA:85,0
DA:86,0
DA:87,0
DA:89,0
BRDA:79,166,0,0
BRDA:79,166,1,0
BRDA:80,203,0,0
BRDA:80,203,1,0
BRDA:81,240,0,0
BRDA:81,240,1,0
FN:95,System.Void server.Controllers.UserController/<GetUserById>d__7::MoveNext()
FNDA:0,System.Void server.Controllers.UserController/<GetUserById>d__7::MoveNext()
DA:96,0
DA:98,0
DA:99,0
DA:101,0
DA:102,0
DA:104,0
DA:105,0
DA:106,0
DA:108,0
BRDA:101,180,0,0
BRDA:101,180,1,0
FN:112,System.Void server.Controllers.UserController/<GetUserWithNutritionById>d__8::MoveNext()
FNDA:0,System.Void server.Controllers.UserController/<GetUserWithNutritionById>d__8::MoveNext()
DA:113,0
DA:115,0
DA:116,0
DA:118,0
DA:119,0
DA:121,0
DA:122,0
DA:123,0
DA:125,0
BRDA:118,180,0,0
BRDA:118,180,1,0
FN:36,System.Void server.Controllers.UserController/<Post>d__4::MoveNext()
FNDA:0,System.Void server.Controllers.UserController/<Post>d__4::MoveNext()
DA:37,0
DA:39,0
DA:40,0
DA:41,0
DA:42,0
DA:43,0
DA:44,0
DA:46,0
DA:47,0
DA:48,0
DA:50,0
BRDA:41,224,0,0
BRDA:41,224,1,0
BRDA:42,261,0,0
BRDA:42,261,1,0
BRDA:43,295,0,0
BRDA:43,295,1,0
FN:55,System.Void server.Controllers.UserController/<Put>d__5::MoveNext()
FNDA:0,System.Void server.Controllers.UserController/<Put>d__5::MoveNext()
DA:56,0
DA:58,0
DA:59,0
DA:60,0
DA:61,0
DA:62,0
DA:63,0
DA:64,0
DA:66,0
DA:67,0
DA:68,0
DA:70,0
BRDA:60,166,0,0
BRDA:60,166,1,0
BRDA:61,203,0,0
BRDA:61,203,1,0
BRDA:62,240,0,0
BRDA:62,240,1,0
BRDA:63,274,0,0
BRDA:63,274,1,0
LF:59
LH:0
BRF:24
BRH:0
FNF:6
FNH:0
end_of_record